#
# There is insufficient memory for the Java Runtime Environment to continue.
# Native memory allocation (malloc) failed to allocate 262160 bytes for Chunk::new
# Possible reasons:
#   The system is out of physical RAM or swap space
#   In 32 bit mode, the process size limit was hit
# Possible solutions:
#   Reduce memory load on the system
#   Increase physical memory or swap space
#   Check if swap backing store is full
#   Use 64 bit Java on a 64 bit OS
#   Decrease Java heap size (-Xmx/-Xms)
#   Decrease number of Java threads
#   Decrease Java thread stack sizes (-Xss)
#   Set larger code cache with -XX:ReservedCodeCacheSize=
# This output file may be truncated or incomplete.
#
#  Out of Memory Error (allocation.cpp:390), pid=8828, tid=12736
#
# JRE version: Java(TM) SE Runtime Environment (8.0_71-b15) (build 1.8.0_71-b15)
# Java VM: Java HotSpot(TM) 64-Bit Server VM (25.71-b15 mixed mode windows-amd64 compressed oops)
# Failed to write core dump. Minidumps are not enabled by default on client versions of Windows
#

---------------  T H R E A D  ---------------

Current thread (0x0000000017cec000):  JavaThread "C2 CompilerThread1" daemon [_thread_in_native, id=12736, stack(0x00000000193d0000,0x00000000194d0000)]

Stack: [0x00000000193d0000,0x00000000194d0000]
[error occurred during error reporting (printing stack bounds), id 0xc0000005]

Native frames: (J=compiled Java code, j=interpreted, Vv=VM code, C=native code)


Current CompileTask:
C2:  18364 2176       4       java.util.Formatter$FormatSpecifier::printString (105 bytes)


---------------  P R O C E S S  ---------------

Java Threads: ( => current thread )
  0x00000000194d7000 JavaThread "Service Thread" daemon [_thread_blocked, id=7964, stack(0x00000000199d0000,0x0000000019ad0000)]
  0x00000000194d0800 JavaThread "C1 CompilerThread2" daemon [_thread_blocked, id=12684, stack(0x00000000198d0000,0x00000000199d0000)]
=>0x0000000017cec000 JavaThread "C2 CompilerThread1" daemon [_thread_in_native, id=12736, stack(0x00000000193d0000,0x00000000194d0000)]
  0x0000000017c9b000 JavaThread "C2 CompilerThread0" daemon [_thread_in_native, id=14700, stack(0x00000000192d0000,0x00000000193d0000)]
  0x0000000017c98000 JavaThread "Attach Listener" daemon [_thread_blocked, id=6000, stack(0x00000000191d0000,0x00000000192d0000)]
  0x0000000017c96000 JavaThread "Signal Dispatcher" daemon [_thread_blocked, id=7932, stack(0x00000000190d0000,0x00000000191d0000)]
  0x0000000003190800 JavaThread "Finalizer" daemon [_thread_blocked, id=2320, stack(0x0000000018ee0000,0x0000000018fe0000)]
  0x000000000318d800 JavaThread "Reference Handler" daemon [_thread_blocked, id=8128, stack(0x0000000018de0000,0x0000000018ee0000)]
  0x0000000002f3e000 JavaThread "main" [_thread_in_native, id=14040, stack(0x0000000002fa0000,0x00000000030a0000)]

Other Threads:
  0x0000000017c58800 VMThread [stack: 0x0000000018ce0000,0x0000000018de0000] [id=6384]
  0x00000000194fb800 WatcherThread [stack: 0x0000000019ad0000,0x0000000019bd0000] [id=4272]

VM state:not at safepoint (normal execution)

VM Mutex/Monitor currently owned by a thread: None

Heap:
 PSYoungGen      total 74752K, used 5099K [0x00000000d6000000, 0x00000000df000000, 0x0000000100000000)
  eden space 64000K, 7% used [0x00000000d6000000,0x00000000d64fac58,0x00000000d9e80000)
  from space 10752K, 0% used [0x00000000da880000,0x00000000da880000,0x00000000db300000)
  to   space 10240K, 0% used [0x00000000d9e80000,0x00000000d9e80000,0x00000000da880000)
 ParOldGen       total 62976K, used 6756K [0x0000000082000000, 0x0000000085d80000, 0x00000000d6000000)
  object space 62976K, 10% used [0x0000000082000000,0x00000000826993f8,0x0000000085d80000)
 Metaspace       used 21223K, capacity 21630K, committed 21936K, reserved 1069056K
  class space    used 3072K, capacity 3235K, committed 3248K, reserved 1048576K

Card table byte_map: [0x0000000012560000,0x0000000012960000] byte_map_base: 0x0000000012150000

Marking Bits: (ParMarkBitMap*) 0x0000000051e0f600
 Begin Bits: [0x0000000013000000, 0x0000000014f80000)
 End Bits:   [0x0000000014f80000, 0x0000000016f00000)

Polling page: 0x0000000001340000

CodeCache: size=245760Kb used=7735Kb max_used=7746Kb free=238024Kb
 bounds [0x00000000031a0000, 0x0000000003940000, 0x00000000121a0000]
 total_blobs=2525 nmethods=2174 adapters=263
 compilation: enabled

Compilation events (10 events):
Event: 18.196 Thread 0x00000000194d0800 2171       1       sun.misc.SharedSecrets::getJavaLangAccess (4 bytes)
Event: 18.196 Thread 0x00000000194d0800 nmethod 2171 0x0000000003932c50 code [0x0000000003932da0, 0x0000000003932e90]
Event: 18.197 Thread 0x00000000194d0800 2172       3       java.util.IdentityHashMap::hash (18 bytes)
Event: 18.197 Thread 0x00000000194d0800 nmethod 2172 0x00000000039328d0 code [0x0000000003932a40, 0x0000000003932bc8]
Event: 18.217 Thread 0x0000000017cec000 2173       4       java.lang.Character::toLowerCase (6 bytes)
Event: 18.219 Thread 0x0000000017cec000 nmethod 2173 0x00000000039357d0 code [0x0000000003935900, 0x00000000039359b8]
Event: 18.246 Thread 0x0000000017c9b000 2174       4       java.util.Formatter$FormatSpecifier::print (243 bytes)
Event: 18.248 Thread 0x0000000017cec000 2175       4       java.util.Formatter$FormatSpecifier::justify (105 bytes)
Event: 18.249 Thread 0x0000000017cec000 nmethod 2175 0x0000000003935590 code [0x00000000039356c0, 0x0000000003935738]
Event: 18.330 Thread 0x0000000017cec000 2176       4       java.util.Formatter$FormatSpecifier::printString (105 bytes)

GC Heap History (10 events):
Event: 9.049 GC heap before
{Heap before GC invocations=3 (full 0):
 PSYoungGen      total 70656K, used 70652K [0x00000000d6000000, 0x00000000daa00000, 0x0000000100000000)
  eden space 65536K, 100% used [0x00000000d6000000,0x00000000da000000,0x00000000da000000)
  from space 5120K, 99% used [0x00000000da500000,0x00000000da9ff1a0,0x00000000daa00000)
  to   space 5120K, 0% used [0x00000000da000000,0x00000000da000000,0x00000000da500000)
 ParOldGen       total 86016K, used 2124K [0x0000000082000000, 0x0000000087400000, 0x00000000d6000000)
  object space 86016K, 2% used [0x0000000082000000,0x0000000082213250,0x0000000087400000)
 Metaspace       used 18479K, capacity 18810K, committed 19200K, reserved 1064960K
  class space    used 2620K, capacity 2769K, committed 2816K, reserved 1048576K
Event: 9.066 GC heap after
Heap after GC invocations=3 (full 0):
 PSYoungGen      total 70656K, used 5104K [0x00000000d6000000, 0x00000000daa00000, 0x0000000100000000)
  eden space 65536K, 0% used [0x00000000d6000000,0x00000000d6000000,0x00000000da000000)
  from space 5120K, 99% used [0x00000000da000000,0x00000000da4fc030,0x00000000da500000)
  to   space 5120K, 0% used [0x00000000da500000,0x00000000da500000,0x00000000daa00000)
 ParOldGen       total 86016K, used 7266K [0x0000000082000000, 0x0000000087400000, 0x00000000d6000000)
  object space 86016K, 8% used [0x0000000082000000,0x00000000827189a8,0x0000000087400000)
 Metaspace       used 18479K, capacity 18810K, committed 19200K, reserved 1064960K
  class space    used 2620K, capacity 2769K, committed 2816K, reserved 1048576K
}
Event: 12.482 GC heap before
{Heap before GC invocations=4 (full 0):
 PSYoungGen      total 70656K, used 70640K [0x00000000d6000000, 0x00000000daa00000, 0x0000000100000000)
  eden space 65536K, 100% used [0x00000000d6000000,0x00000000da000000,0x00000000da000000)
  from space 5120K, 99% used [0x00000000da000000,0x00000000da4fc030,0x00000000da500000)
  to   space 5120K, 0% used [0x00000000da500000,0x00000000da500000,0x00000000daa00000)
 ParOldGen       total 86016K, used 7266K [0x0000000082000000, 0x0000000087400000, 0x00000000d6000000)
  object space 86016K, 8% used [0x0000000082000000,0x00000000827189a8,0x0000000087400000)
 Metaspace       used 19765K, capacity 20156K, committed 20352K, reserved 1067008K
  class space    used 2808K, capacity 2938K, committed 2944K, reserved 1048576K
Event: 12.491 GC heap after
Heap after GC invocations=4 (full 0):
 PSYoungGen      total 70656K, used 5120K [0x00000000d6000000, 0x00000000daa00000, 0x0000000100000000)
  eden space 65536K, 0% used [0x00000000d6000000,0x00000000d6000000,0x00000000da000000)
  from space 5120K, 100% used [0x00000000da500000,0x00000000daa00000,0x00000000daa00000)
  to   space 5120K, 0% used [0x00000000da000000,0x00000000da000000,0x00000000da500000)
 ParOldGen       total 86016K, used 9125K [0x0000000082000000, 0x0000000087400000, 0x00000000d6000000)
  object space 86016K, 10% used [0x0000000082000000,0x00000000828e97a0,0x0000000087400000)
 Metaspace       used 19765K, capacity 20156K, committed 20352K, reserved 1067008K
  class space    used 2808K, capacity 2938K, committed 2944K, reserved 1048576K
}
Event: 15.382 GC heap before
{Heap before GC invocations=5 (full 0):
 PSYoungGen      total 70656K, used 70656K [0x00000000d6000000, 0x00000000daa00000, 0x0000000100000000)
  eden space 65536K, 100% used [0x00000000d6000000,0x00000000da000000,0x00000000da000000)
  from space 5120K, 100% used [0x00000000da500000,0x00000000daa00000,0x00000000daa00000)
  to   space 5120K, 0% used [0x00000000da000000,0x00000000da000000,0x00000000da500000)
 ParOldGen       total 86016K, used 9125K [0x0000000082000000, 0x0000000087400000, 0x00000000d6000000)
  object space 86016K, 10% used [0x0000000082000000,0x00000000828e97a0,0x0000000087400000)
 Metaspace       used 19765K, capacity 20156K, committed 20352K, reserved 1067008K
  class space    used 2808K, capacity 2938K, committed 2944K, reserved 1048576K
Event: 15.403 GC heap after
Heap after GC invocations=5 (full 0):
 PSYoungGen      total 68608K, used 5120K [0x00000000d6000000, 0x00000000db300000, 0x0000000100000000)
  eden space 63488K, 0% used [0x00000000d6000000,0x00000000d6000000,0x00000000d9e00000)
  from space 5120K, 100% used [0x00000000da000000,0x00000000da500000,0x00000000da500000)
  to   space 10752K, 0% used [0x00000000da880000,0x00000000da880000,0x00000000db300000)
 ParOldGen       total 86016K, used 9133K [0x0000000082000000, 0x0000000087400000, 0x00000000d6000000)
  object space 86016K, 10% used [0x0000000082000000,0x00000000828eb7a0,0x0000000087400000)
 Metaspace       used 19765K, capacity 20156K, committed 20352K, reserved 1067008K
  class space    used 2808K, capacity 2938K, committed 2944K, reserved 1048576K
}
Event: 17.043 GC heap before
{Heap before GC invocations=6 (full 0):
 PSYoungGen      total 68608K, used 30584K [0x00000000d6000000, 0x00000000db300000, 0x0000000100000000)
  eden space 63488K, 40% used [0x00000000d6000000,0x00000000d78de3d8,0x00000000d9e00000)
  from space 5120K, 100% used [0x00000000da000000,0x00000000da500000,0x00000000da500000)
  to   space 10752K, 0% used [0x00000000da880000,0x00000000da880000,0x00000000db300000)
 ParOldGen       total 86016K, used 9133K [0x0000000082000000, 0x0000000087400000, 0x00000000d6000000)
  object space 86016K, 10% used [0x0000000082000000,0x00000000828eb7a0,0x0000000087400000)
 Metaspace       used 20639K, capacity 21108K, committed 21296K, reserved 1067008K
  class space    used 2935K, capacity 3104K, committed 3120K, reserved 1048576K
Event: 17.152 GC heap after
Heap after GC invocations=6 (full 0):
 PSYoungGen      total 74752K, used 6157K [0x00000000d6000000, 0x00000000df000000, 0x0000000100000000)
  eden space 64000K, 0% used [0x00000000d6000000,0x00000000d6000000,0x00000000d9e80000)
  from space 10752K, 57% used [0x00000000da880000,0x00000000dae83528,0x00000000db300000)
  to   space 10240K, 0% used [0x00000000d9e80000,0x00000000d9e80000,0x00000000da880000)
 ParOldGen       total 86016K, used 9141K [0x0000000082000000, 0x0000000087400000, 0x00000000d6000000)
  object space 86016K, 10% used [0x0000000082000000,0x00000000828ed7a0,0x0000000087400000)
 Metaspace       used 20639K, capacity 21108K, committed 21296K, reserved 1067008K
  class space    used 2935K, capacity 3104K, committed 3120K, reserved 1048576K
}
Event: 17.152 GC heap before
{Heap before GC invocations=7 (full 1):
 PSYoungGen      total 74752K, used 6157K [0x00000000d6000000, 0x00000000df000000, 0x0000000100000000)
  eden space 64000K, 0% used [0x00000000d6000000,0x00000000d6000000,0x00000000d9e80000)
  from space 10752K, 57% used [0x00000000da880000,0x00000000dae83528,0x00000000db300000)
  to   space 10240K, 0% used [0x00000000d9e80000,0x00000000d9e80000,0x00000000da880000)
 ParOldGen       total 86016K, used 9141K [0x0000000082000000, 0x0000000087400000, 0x00000000d6000000)
  object space 86016K, 10% used [0x0000000082000000,0x00000000828ed7a0,0x0000000087400000)
 Metaspace       used 20639K, capacity 21108K, committed 21296K, reserved 1067008K
  class space    used 2935K, capacity 3104K, committed 3120K, reserved 1048576K
Event: 17.587 GC heap after
Heap after GC invocations=7 (full 1):
 PSYoungGen      total 74752K, used 0K [0x00000000d6000000, 0x00000000df000000, 0x0000000100000000)
  eden space 64000K, 0% used [0x00000000d6000000,0x00000000d6000000,0x00000000d9e80000)
  from space 10752K, 0% used [0x00000000da880000,0x00000000da880000,0x00000000db300000)
  to   space 10240K, 0% used [0x00000000d9e80000,0x00000000d9e80000,0x00000000da880000)
 ParOldGen       total 62976K, used 6756K [0x0000000082000000, 0x0000000085d80000, 0x00000000d6000000)
  object space 62976K, 10% used [0x0000000082000000,0x00000000826993f8,0x0000000085d80000)
 Metaspace       used 20639K, capacity 21108K, committed 21296K, reserved 1067008K
  class space    used 2935K, capacity 3104K, committed 3120K, reserved 1048576K
}

Deoptimization events (10 events):
Event: 16.556 Thread 0x0000000002f3e000 Uncommon trap: reason=null_check action=make_not_entrant pc=0x00000000038d34f0 method=java.nio.file.FileTreeWalker.next()Ljava/nio/file/FileTreeWalker$Event; @ 7
Event: 16.562 Thread 0x0000000002f3e000 Uncommon trap: reason=unstable_if action=reinterpret pc=0x000000000365c77c method=java.util.regex.Pattern$Dot.isSatisfiedBy(I)Z @ 3
Event: 16.562 Thread 0x0000000002f3e000 Uncommon trap: reason=class_check action=maybe_recompile pc=0x00000000036c422c method=java.util.regex.Pattern$Curly.match0(Ljava/util/regex/Matcher;IILjava/lang/CharSequence;)Z @ 170
Event: 16.769 Thread 0x0000000002f3e000 Uncommon trap: reason=unstable_if action=reinterpret pc=0x00000000038c3dfc method=sun.nio.fs.WindowsNativeDispatcher.asNativeBuffer(Ljava/lang/String;)Lsun/nio/fs/NativeBuffer; @ 33
Event: 16.770 Thread 0x0000000002f3e000 Uncommon trap: reason=unstable_if action=reinterpret pc=0x000000000381f9c4 method=java.io.WinNTFileSystem.isLetter(C)Z @ 3
Event: 16.795 Thread 0x0000000002f3e000 Uncommon trap: reason=unstable_if action=reinterpret pc=0x00000000035e807c method=java.lang.String.substring(I)Ljava/lang/String; @ 35
Event: 16.809 Thread 0x0000000002f3e000 Uncommon trap: reason=unstable_if action=reinterpret pc=0x00000000037c222c method=java.util.regex.Pattern.atom()Ljava/util/regex/Pattern$Node; @ 255
Event: 16.809 Thread 0x0000000002f3e000 Uncommon trap: reason=unstable_if action=reinterpret pc=0x00000000037c682c method=java.util.regex.Pattern.sequence(Ljava/util/regex/Pattern$Node;)Ljava/util/regex/Pattern$Node; @ 536
Event: 16.809 Thread 0x0000000002f3e000 Uncommon trap: reason=unstable_if action=reinterpret pc=0x000000000372bb6c method=java.util.regex.Pattern.closure(Ljava/util/regex/Pattern$Node;)Ljava/util/regex/Pattern$Node; @ 113
Event: 18.334 Thread 0x0000000002f3e000 Uncommon trap: reason=unstable_if action=reinterpret pc=0x00000000037cd07c method=java.util.regex.Pattern.range(Ljava/util/regex/Pattern$BitClass;)Ljava/util/regex/Pattern$CharProperty; @ 19

Internal exceptions (10 events):
Event: 2.146 Thread 0x0000000002f3e000 Exception <a 'sun/nio/fs/WindowsException'> (0x00000000d6b6eb30) thrown at [C:\re\workspace\8-2-build-windows-amd64-cygwin\jdk8u71\5731\hotspot\src\share\vm\prims\jni.cpp, line 709]
Event: 2.147 Thread 0x0000000002f3e000 Exception <a 'sun/nio/fs/WindowsException'> (0x00000000d6b70550) thrown at [C:\re\workspace\8-2-build-windows-amd64-cygwin\jdk8u71\5731\hotspot\src\share\vm\prims\jni.cpp, line 709]
Event: 2.173 Thread 0x0000000002f3e000 Exception <a 'sun/nio/fs/WindowsException'> (0x00000000d6baf9b8) thrown at [C:\re\workspace\8-2-build-windows-amd64-cygwin\jdk8u71\5731\hotspot\src\share\vm\prims\jni.cpp, line 709]
Event: 2.313 Thread 0x0000000002f3e000 Exception <a 'sun/nio/fs/WindowsException'> (0x00000000d6c057b8) thrown at [C:\re\workspace\8-2-build-windows-amd64-cygwin\jdk8u71\5731\hotspot\src\share\vm\prims\jni.cpp, line 709]
Event: 4.303 Thread 0x0000000002f3e000 Implicit null exception at 0x000000000350fad8 to 0x000000000350fb66
Event: 4.303 Thread 0x0000000002f3e000 Implicit null exception at 0x00000000035122af to 0x0000000003512319
Event: 4.793 Thread 0x0000000002f3e000 Exception <a 'java/lang/ArrayIndexOutOfBoundsException': 18> (0x00000000d6859398) thrown at [C:\re\workspace\8-2-build-windows-amd64-cygwin\jdk8u71\5731\hotspot\src\share\vm\interpreter\interpreterRuntime.cpp, line 366]
Event: 4.793 Thread 0x0000000002f3e000 Exception <a 'java/lang/ArrayIndexOutOfBoundsException': 55> (0x00000000d685a4d8) thrown at [C:\re\workspace\8-2-build-windows-amd64-cygwin\jdk8u71\5731\hotspot\src\share\vm\interpreter\interpreterRuntime.cpp, line 366]
Event: 16.556 Thread 0x0000000002f3e000 Implicit null exception at 0x00000000038d1ab0 to 0x00000000038d34e1
Event: 16.769 Thread 0x0000000002f3e000 Exception <a 'sun/nio/fs/WindowsException'> (0x00000000d767e878) thrown at [C:\re\workspace\8-2-build-windows-amd64-cygwin\jdk8u71\5731\hotspot\src\share\vm\prims\jni.cpp, line 709]

Events (10 events):
Event: 18.330 loading class org/sonar/sslr/internal/vm/Instruction$ChoiceInstruction
Event: 18.330 loading class org/sonar/sslr/internal/vm/Instruction$ChoiceInstruction done
Event: 18.333 loading class org/sonar/sslr/internal/vm/Instruction$CommitVerifyInstruction
Event: 18.333 loading class org/sonar/sslr/internal/vm/Instruction$CommitVerifyInstruction done
Event: 18.334 loading class org/sonar/sslr/internal/vm/Instruction$BackCommitInstruction
Event: 18.334 loading class org/sonar/sslr/internal/vm/Instruction$BackCommitInstruction done
Event: 18.334 Thread 0x0000000002f3e000 Uncommon trap: trap_request=0xffffff65 fr.pc=0x00000000037cd07c
Event: 18.334 Thread 0x0000000002f3e000 DEOPT PACKING pc=0x00000000037cd07c sp=0x000000000309cc20
Event: 18.334 Thread 0x0000000002f3e000 DEOPT UNPACKING pc=0x00000000031e582a sp=0x000000000309cba8 mode 2
Event: 18.334 loading class java/util/regex/Pattern$CharPropertyNames


Dynamic libraries:
0x00007ff6958b0000 - 0x00007ff6958e7000 	C:\Program Files\Java\jdk1.8.0_71\bin\java.exe
0x00007ff8c72b0000 - 0x00007ff8c7481000 	C:\Windows\SYSTEM32\ntdll.dll
0x00007ff8c4d90000 - 0x00007ff8c4e3b000 	C:\Windows\System32\KERNEL32.DLL
0x00007ff8c3ed0000 - 0x00007ff8c40ed000 	C:\Windows\System32\KERNELBASE.dll
0x00007ff8c4e40000 - 0x00007ff8c4ee2000 	C:\Windows\System32\ADVAPI32.dll
0x00007ff8c48a0000 - 0x00007ff8c493e000 	C:\Windows\System32\msvcrt.dll
0x00007ff8c6710000 - 0x00007ff8c6769000 	C:\Windows\System32\sechost.dll
0x00007ff8c65e0000 - 0x00007ff8c6701000 	C:\Windows\System32\RPCRT4.dll
0x00007ff8c6940000 - 0x00007ff8c6aa5000 	C:\Windows\System32\USER32.dll
0x00007ff8c40f0000 - 0x00007ff8c410e000 	C:\Windows\System32\win32u.dll
0x00007ff8c6e40000 - 0x00007ff8c6e74000 	C:\Windows\System32\GDI32.dll
0x00007ff8c3840000 - 0x00007ff8c39c2000 	C:\Windows\System32\gdi32full.dll
0x00007ff8b73e0000 - 0x00007ff8b7659000 	C:\Windows\WinSxS\amd64_microsoft.windows.common-controls_6595b64144ccf1df_6.0.14393.0_none_2d0f50fcbdb171b8\COMCTL32.dll
0x00007ff8c6b60000 - 0x00007ff8c6e27000 	C:\Windows\System32\combase.dll
0x00007ff8c3c00000 - 0x00007ff8c3cf5000 	C:\Windows\System32\ucrtbase.dll
0x00007ff8c3b90000 - 0x00007ff8c3bfa000 	C:\Windows\System32\bcryptPrimitives.dll
0x00007ff8c50a0000 - 0x00007ff8c50ce000 	C:\Windows\System32\IMM32.DLL
0x0000000052d40000 - 0x0000000052e12000 	C:\Program Files\Java\jdk1.8.0_71\jre\bin\msvcr100.dll
0x0000000051600000 - 0x0000000051e8f000 	C:\Program Files\Java\jdk1.8.0_71\jre\bin\server\jvm.dll
0x00007ff8c4ef0000 - 0x00007ff8c4ef8000 	C:\Windows\System32\PSAPI.DLL
0x00007ff8aa9e0000 - 0x00007ff8aa9e9000 	C:\Windows\SYSTEM32\WSOCK32.dll
0x00007ff8c4c60000 - 0x00007ff8c4cca000 	C:\Windows\System32\WS2_32.dll
0x00007ff8c19a0000 - 0x00007ff8c19c3000 	C:\Windows\SYSTEM32\WINMM.dll
0x00007ff8be170000 - 0x00007ff8be17a000 	C:\Windows\SYSTEM32\VERSION.dll
0x00007ff8c17f0000 - 0x00007ff8c181b000 	C:\Windows\SYSTEM32\WINMMBASE.dll
0x00007ff8c47f0000 - 0x00007ff8c4832000 	C:\Windows\System32\cfgmgr32.dll
0x00000000538c0000 - 0x00000000538cf000 	C:\Program Files\Java\jdk1.8.0_71\jre\bin\verify.dll
0x0000000052d10000 - 0x0000000052d39000 	C:\Program Files\Java\jdk1.8.0_71\jre\bin\java.dll
0x0000000052cf0000 - 0x0000000052d06000 	C:\Program Files\Java\jdk1.8.0_71\jre\bin\zip.dll
0x00007ff8c50d0000 - 0x00007ff8c65d8000 	C:\Windows\System32\SHELL32.dll
0x00007ff8c4110000 - 0x00007ff8c47ea000 	C:\Windows\System32\windows.storage.dll
0x00007ff8c37f0000 - 0x00007ff8c383c000 	C:\Windows\System32\powrprof.dll
0x00007ff8c4ba0000 - 0x00007ff8c4bf2000 	C:\Windows\System32\shlwapi.dll
0x00007ff8c37e0000 - 0x00007ff8c37ef000 	C:\Windows\System32\kernel.appcore.dll
0x00007ff8c3a80000 - 0x00007ff8c3b29000 	C:\Windows\System32\shcore.dll
0x00007ff8c37c0000 - 0x00007ff8c37d4000 	C:\Windows\System32\profapi.dll
0x0000000052cd0000 - 0x0000000052cea000 	C:\Program Files\Java\jdk1.8.0_71\jre\bin\net.dll
0x00007ff8c3080000 - 0x00007ff8c30dc000 	C:\Windows\system32\mswsock.dll
0x0000000052cb0000 - 0x0000000052cc1000 	C:\Program Files\Java\jdk1.8.0_71\jre\bin\nio.dll
0x00007ff8c3220000 - 0x00007ff8c3237000 	C:\Windows\SYSTEM32\CRYPTSP.dll
0x00007ff8c2c90000 - 0x00007ff8c2cc3000 	C:\Windows\system32\rsaenh.dll
0x00007ff8c3700000 - 0x00007ff8c372b000 	C:\Windows\SYSTEM32\bcrypt.dll
0x00007ff8c2f00000 - 0x00007ff8c2f1f000 	C:\Windows\SYSTEM32\USERENV.dll
0x00007ff8c3240000 - 0x00007ff8c324b000 	C:\Windows\SYSTEM32\CRYPTBASE.dll
0x00007ff8c2e10000 - 0x00007ff8c2e48000 	C:\Windows\SYSTEM32\IPHLPAPI.DLL
0x00007ff8c6e30000 - 0x00007ff8c6e38000 	C:\Windows\System32\NSI.dll
0x00007ff8bd910000 - 0x00007ff8bd926000 	C:\Windows\SYSTEM32\dhcpcsvc6.DLL
0x00007ff8bd8e0000 - 0x00007ff8bd8fa000 	C:\Windows\SYSTEM32\dhcpcsvc.DLL

VM Arguments:
jvm_args: -Djava.awt.headless=true -Dsonarlint.home=C:\Users\Dhrumin\.vscode\extensions\silverbulleters.sonarqube-inject-2.1.0\tools\sonarlint-cli\bin\.. -Dproject.home=c:\Users\Dhrumin\git\kurate-angular -Dorg.freemarker.loggerLibrary=none 
java_command: org.sonarlint.cli.Main --reportType console --src src/app/admin/share/share.component.html --charset UTF-8
java_class_path (initial): C:\Users\Dhrumin\.vscode\extensions\silverbulleters.sonarqube-inject-2.1.0\tools\sonarlint-cli\bin\..\lib\sonarlint-cli-2.1-SNAPSHOT.jar
Launcher Type: SUN_STANDARD

Environment Variables:
JAVA_HOME=C:\Program Files\Java\jdk1.8.0_71
PATH=C:\Python27\;C:\Python27\Scripts;C:\ProgramData\Oracle\Java\javapath;C:\Windows\system32;C:\Windows;C:\Windows\System32\Wbem;C:\Windows\System32\WindowsPowerShell\v1.0\;C:\Program Files\MongoDB\Server\3.4\bin;C:\Program Files\Git\cmd;C:\Program Files (x86)\Microsoft SQL Server\Client SDK\ODBC\130\Tools\Binn\;C:\Program Files (x86)\Microsoft SQL Server\140\Tools\Binn\;C:\Program Files (x86)\Microsoft SQL Server\140\DTS\Binn\;C:\Program Files (x86)\Microsoft SQL Server\140\Tools\Binn\ManagementStudio\;C:\Program Files\Microsoft SQL Server\Client SDK\ODBC\130\Tools\Binn\;C:\Program Files\Microsoft SQL Server\140\Tools\Binn\;C:\Program Files\Microsoft SQL Server\140\DTS\Binn\;C:\Program Files\Microsoft VS Code\bin;C:\Program Files\Java\jdk1.8.0_71\bin;C:\Users\Dhrumin\Desktop\apache-tomcat-9.0.22\bin;C:\ProgramData\chocolatey\bin;C:\Program Files\nodejs\;C:\Program Files\PuTTY\;C:\Users\Dhrumin\AppData\Local\Microsoft\WindowsApps;C:\Users\Dhrumin\AppData\Roaming\npm
USERNAME=Dhrumin
OS=Windows_NT
PROCESSOR_IDENTIFIER=Intel64 Family 6 Model 60 Stepping 3, GenuineIntel



---------------  S Y S T E M  ---------------

OS: Windows 10.0 , 64 bit Build 14393 (10.0.14393.0)

CPU:total 4 (2 cores per cpu, 2 threads per core) family 6 model 60 stepping 3, cmov, cx8, fxsr, mmx, sse, sse2, sse3, ssse3, sse4.1, sse4.2, popcnt, avx, avx2, aes, clmul, erms, lzcnt, ht, tsc, tscinvbit, bmi1, bmi2

Memory: 4k page, physical 8253496k(88700k free), swap 22841780k(2288k free)

vm_info: Java HotSpot(TM) 64-Bit Server VM (25.71-b15) for windows-amd64 JRE (1.8.0_71-b15), built on Dec 22 2015 18:15:55 by "java_re" with MS VC++ 10.0 (VS2010)

time: Tue Mar 24 17:17:58 2020
elapsed time: 18 seconds (0d 0h 0m 18s)

