#
# There is insufficient memory for the Java Runtime Environment to continue.
# Native memory allocation (malloc) failed to allocate 610336 bytes for Chunk::new
# Possible reasons:
#   The system is out of physical RAM or swap space
#   In 32 bit mode, the process size limit was hit
# Possible solutions:
#   Reduce memory load on the system
#   Increase physical memory or swap space
#   Check if swap backing store is full
#   Use 64 bit Java on a 64 bit OS
#   Decrease Java heap size (-Xmx/-Xms)
#   Decrease number of Java threads
#   Decrease Java thread stack sizes (-Xss)
#   Set larger code cache with -XX:ReservedCodeCacheSize=
# This output file may be truncated or incomplete.
#
#  Out of Memory Error (allocation.cpp:390), pid=7420, tid=6216
#
# JRE version: Java(TM) SE Runtime Environment (8.0_71-b15) (build 1.8.0_71-b15)
# Java VM: Java HotSpot(TM) 64-Bit Server VM (25.71-b15 mixed mode windows-amd64 compressed oops)
# Failed to write core dump. Minidumps are not enabled by default on client versions of Windows
#

---------------  T H R E A D  ---------------

Current thread (0x000000001736d800):  JavaThread "C2 CompilerThread0" daemon [_thread_in_native, id=6216, stack(0x00000000189d0000,0x0000000018ad0000)]

Stack: [0x00000000189d0000,0x0000000018ad0000]
[error occurred during error reporting (printing stack bounds), id 0xc0000005]

Native frames: (J=compiled Java code, j=interpreted, Vv=VM code, C=native code)


Current CompileTask:
C2:  22632 2050   !   4       java.nio.file.FileTreeWalker::next (144 bytes)


---------------  P R O C E S S  ---------------

Java Threads: ( => current thread )
  0x0000000018bde000 JavaThread "Service Thread" daemon [_thread_blocked, id=11680, stack(0x00000000190d0000,0x00000000191d0000)]
  0x0000000018bd8800 JavaThread "C1 CompilerThread2" daemon [_thread_blocked, id=12140, stack(0x0000000018fd0000,0x00000000190d0000)]
  0x0000000017370800 JavaThread "C2 CompilerThread1" daemon [_thread_blocked, id=3640, stack(0x0000000018ad0000,0x0000000018bd0000)]
=>0x000000001736d800 JavaThread "C2 CompilerThread0" daemon [_thread_in_native, id=6216, stack(0x00000000189d0000,0x0000000018ad0000)]
  0x000000001736c000 JavaThread "Attach Listener" daemon [_thread_blocked, id=6384, stack(0x00000000188d0000,0x00000000189d0000)]
  0x000000001736a000 JavaThread "Signal Dispatcher" daemon [_thread_blocked, id=10940, stack(0x00000000187d0000,0x00000000188d0000)]
  0x0000000002871000 JavaThread "Finalizer" daemon [_thread_blocked, id=14776, stack(0x00000000185e0000,0x00000000186e0000)]
  0x000000000286e800 JavaThread "Reference Handler" daemon [_thread_blocked, id=13844, stack(0x00000000184e0000,0x00000000185e0000)]
  0x00000000025ee000 JavaThread "main" [_thread_in_native, id=11084, stack(0x0000000002680000,0x0000000002780000)]

Other Threads:
  0x0000000017337800 VMThread [stack: 0x00000000183e0000,0x00000000184e0000] [id=8520]
  0x0000000018be2000 WatcherThread [stack: 0x00000000191d0000,0x00000000192d0000] [id=14208]

VM state:not at safepoint (normal execution)

VM Mutex/Monitor currently owned by a thread: None

Heap:
 PSYoungGen      total 37888K, used 6408K [0x00000000d6000000, 0x00000000d8a00000, 0x0000000100000000)
  eden space 32768K, 3% used [0x00000000d6000000,0x00000000d6146138,0x00000000d8000000)
  from space 5120K, 99% used [0x00000000d8000000,0x00000000d84fc010,0x00000000d8500000)
  to   space 5120K, 0% used [0x00000000d8500000,0x00000000d8500000,0x00000000d8a00000)
 ParOldGen       total 86016K, used 8445K [0x0000000082000000, 0x0000000087400000, 0x00000000d6000000)
  object space 86016K, 9% used [0x0000000082000000,0x000000008283f5f8,0x0000000087400000)
 Metaspace       used 19752K, capacity 20156K, committed 20352K, reserved 1067008K
  class space    used 2808K, capacity 2938K, committed 2944K, reserved 1048576K

Card table byte_map: [0x0000000011c40000,0x0000000012040000] byte_map_base: 0x0000000011830000

Marking Bits: (ParMarkBitMap*) 0x0000000051e0f600
 Begin Bits: [0x00000000126e0000, 0x0000000014660000)
 End Bits:   [0x0000000014660000, 0x00000000165e0000)

Polling page: 0x0000000000cc0000

CodeCache: size=245760Kb used=7292Kb max_used=7313Kb free=238468Kb
 bounds [0x0000000002880000, 0x0000000002fb0000, 0x0000000011880000]
 total_blobs=2398 nmethods=2049 adapters=261
 compilation: enabled

Compilation events (10 events):
Event: 22.369 Thread 0x000000001736d800 nmethod 2045 0x0000000002f9a310 code [0x0000000002f9a480, 0x0000000002f9a8f8]
Event: 22.373 Thread 0x0000000017370800 2046       4       sun.nio.fs.WindowsFileAttributes::<init> (57 bytes)
Event: 22.373 Thread 0x0000000017370800 nmethod 2046 0x0000000002f94090 code [0x0000000002f941c0, 0x0000000002f94258]
Event: 22.583 Thread 0x000000001736d800 2047       4       java.lang.ref.Finalizer::access$100 (6 bytes)
Event: 22.583 Thread 0x0000000017370800 2048   !   4       java.lang.ref.Finalizer::runFinalizer (62 bytes)
Event: 22.590 Thread 0x0000000017370800 nmethod 2048 0x0000000002f99950 code [0x0000000002f99ac0, 0x0000000002f9a078]
Event: 22.590 Thread 0x000000001736d800 nmethod 2047 0x0000000002fa0310 code [0x0000000002fa0480, 0x0000000002fa0a18]
Event: 22.590 Thread 0x0000000017370800 2049   !   4       java.lang.ref.Finalizer::remove (94 bytes)
Event: 22.592 Thread 0x0000000017370800 nmethod 2049 0x0000000002f9de50 code [0x0000000002f9dfa0, 0x0000000002f9e298]
Event: 22.594 Thread 0x000000001736d800 2050   !   4       java.nio.file.FileTreeWalker::next (144 bytes)

GC Heap History (10 events):
Event: 7.535 GC heap before
{Heap before GC invocations=1 (full 0):
 PSYoungGen      total 37888K, used 32768K [0x00000000d6000000, 0x00000000d8a00000, 0x0000000100000000)
  eden space 32768K, 100% used [0x00000000d6000000,0x00000000d8000000,0x00000000d8000000)
  from space 5120K, 0% used [0x00000000d8500000,0x00000000d8500000,0x00000000d8a00000)
  to   space 5120K, 0% used [0x00000000d8000000,0x00000000d8000000,0x00000000d8500000)
 ParOldGen       total 86016K, used 0K [0x0000000082000000, 0x0000000087400000, 0x00000000d6000000)
  object space 86016K, 0% used [0x0000000082000000,0x0000000082000000,0x0000000087400000)
 Metaspace       used 11728K, capacity 12016K, committed 12288K, reserved 1060864K
  class space    used 1621K, capacity 1732K, committed 1792K, reserved 1048576K
Event: 7.547 GC heap after
Heap after GC invocations=1 (full 0):
 PSYoungGen      total 37888K, used 5095K [0x00000000d6000000, 0x00000000d8a00000, 0x0000000100000000)
  eden space 32768K, 0% used [0x00000000d6000000,0x00000000d6000000,0x00000000d8000000)
  from space 5120K, 99% used [0x00000000d8000000,0x00000000d84f9d18,0x00000000d8500000)
  to   space 5120K, 0% used [0x00000000d8500000,0x00000000d8500000,0x00000000d8a00000)
 ParOldGen       total 86016K, used 1636K [0x0000000082000000, 0x0000000087400000, 0x00000000d6000000)
  object space 86016K, 1% used [0x0000000082000000,0x00000000821990b8,0x0000000087400000)
 Metaspace       used 11728K, capacity 12016K, committed 12288K, reserved 1060864K
  class space    used 1621K, capacity 1732K, committed 1792K, reserved 1048576K
}
Event: 9.788 GC heap before
{Heap before GC invocations=2 (full 0):
 PSYoungGen      total 37888K, used 37863K [0x00000000d6000000, 0x00000000d8a00000, 0x0000000100000000)
  eden space 32768K, 100% used [0x00000000d6000000,0x00000000d8000000,0x00000000d8000000)
  from space 5120K, 99% used [0x00000000d8000000,0x00000000d84f9d18,0x00000000d8500000)
  to   space 5120K, 0% used [0x00000000d8500000,0x00000000d8500000,0x00000000d8a00000)
 ParOldGen       total 86016K, used 1636K [0x0000000082000000, 0x0000000087400000, 0x00000000d6000000)
  object space 86016K, 1% used [0x0000000082000000,0x00000000821990b8,0x0000000087400000)
 Metaspace       used 14469K, capacity 14812K, committed 14976K, reserved 1062912K
  class space    used 1980K, capacity 2124K, committed 2176K, reserved 1048576K
Event: 9.796 GC heap after
Heap after GC invocations=2 (full 0):
 PSYoungGen      total 37888K, used 5107K [0x00000000d6000000, 0x00000000d8a00000, 0x0000000100000000)
  eden space 32768K, 0% used [0x00000000d6000000,0x00000000d6000000,0x00000000d8000000)
  from space 5120K, 99% used [0x00000000d8500000,0x00000000d89fcde8,0x00000000d8a00000)
  to   space 5120K, 0% used [0x00000000d8000000,0x00000000d8000000,0x00000000d8500000)
 ParOldGen       total 86016K, used 2085K [0x0000000082000000, 0x0000000087400000, 0x00000000d6000000)
  object space 86016K, 2% used [0x0000000082000000,0x00000000822095a0,0x0000000087400000)
 Metaspace       used 14469K, capacity 14812K, committed 14976K, reserved 1062912K
  class space    used 1980K, capacity 2124K, committed 2176K, reserved 1048576K
}
Event: 11.295 GC heap before
{Heap before GC invocations=3 (full 0):
 PSYoungGen      total 37888K, used 37875K [0x00000000d6000000, 0x00000000d8a00000, 0x0000000100000000)
  eden space 32768K, 100% used [0x00000000d6000000,0x00000000d8000000,0x00000000d8000000)
  from space 5120K, 99% used [0x00000000d8500000,0x00000000d89fcde8,0x00000000d8a00000)
  to   space 5120K, 0% used [0x00000000d8000000,0x00000000d8000000,0x00000000d8500000)
 ParOldGen       total 86016K, used 2085K [0x0000000082000000, 0x0000000087400000, 0x00000000d6000000)
  object space 86016K, 2% used [0x0000000082000000,0x00000000822095a0,0x0000000087400000)
 Metaspace       used 16860K, capacity 17198K, committed 17408K, reserved 1064960K
  class space    used 2323K, capacity 2447K, committed 2560K, reserved 1048576K
Event: 11.354 GC heap after
Heap after GC invocations=3 (full 0):
 PSYoungGen      total 37888K, used 5091K [0x00000000d6000000, 0x00000000d8a00000, 0x0000000100000000)
  eden space 32768K, 0% used [0x00000000d6000000,0x00000000d6000000,0x00000000d8000000)
  from space 5120K, 99% used [0x00000000d8000000,0x00000000d84f8f68,0x00000000d8500000)
  to   space 5120K, 0% used [0x00000000d8500000,0x00000000d8500000,0x00000000d8a00000)
 ParOldGen       total 86016K, used 4069K [0x0000000082000000, 0x0000000087400000, 0x00000000d6000000)
  object space 86016K, 4% used [0x0000000082000000,0x00000000823f94b0,0x0000000087400000)
 Metaspace       used 16860K, capacity 17198K, committed 17408K, reserved 1064960K
  class space    used 2323K, capacity 2447K, committed 2560K, reserved 1048576K
}
Event: 12.312 GC heap before
{Heap before GC invocations=4 (full 0):
 PSYoungGen      total 37888K, used 37859K [0x00000000d6000000, 0x00000000d8a00000, 0x0000000100000000)
  eden space 32768K, 100% used [0x00000000d6000000,0x00000000d8000000,0x00000000d8000000)
  from space 5120K, 99% used [0x00000000d8000000,0x00000000d84f8f68,0x00000000d8500000)
  to   space 5120K, 0% used [0x00000000d8500000,0x00000000d8500000,0x00000000d8a00000)
 ParOldGen       total 86016K, used 4069K [0x0000000082000000, 0x0000000087400000, 0x00000000d6000000)
  object space 86016K, 4% used [0x0000000082000000,0x00000000823f94b0,0x0000000087400000)
 Metaspace       used 18477K, capacity 18810K, committed 19200K, reserved 1064960K
  class space    used 2619K, capacity 2769K, committed 2816K, reserved 1048576K
Event: 12.349 GC heap after
Heap after GC invocations=4 (full 0):
 PSYoungGen      total 37888K, used 5104K [0x00000000d6000000, 0x00000000d8a00000, 0x0000000100000000)
  eden space 32768K, 0% used [0x00000000d6000000,0x00000000d6000000,0x00000000d8000000)
  from space 5120K, 99% used [0x00000000d8500000,0x00000000d89fc010,0x00000000d8a00000)
  to   space 5120K, 0% used [0x00000000d8000000,0x00000000d8000000,0x00000000d8500000)
 ParOldGen       total 86016K, used 6467K [0x0000000082000000, 0x0000000087400000, 0x00000000d6000000)
  object space 86016K, 7% used [0x0000000082000000,0x0000000082650ff8,0x0000000087400000)
 Metaspace       used 18477K, capacity 18810K, committed 19200K, reserved 1064960K
  class space    used 2619K, capacity 2769K, committed 2816K, reserved 1048576K
}
Event: 22.479 GC heap before
{Heap before GC invocations=5 (full 0):
 PSYoungGen      total 37888K, used 37872K [0x00000000d6000000, 0x00000000d8a00000, 0x0000000100000000)
  eden space 32768K, 100% used [0x00000000d6000000,0x00000000d8000000,0x00000000d8000000)
  from space 5120K, 99% used [0x00000000d8500000,0x00000000d89fc010,0x00000000d8a00000)
  to   space 5120K, 0% used [0x00000000d8000000,0x00000000d8000000,0x00000000d8500000)
 ParOldGen       total 86016K, used 6467K [0x0000000082000000, 0x0000000087400000, 0x00000000d6000000)
  object space 86016K, 7% used [0x0000000082000000,0x0000000082650ff8,0x0000000087400000)
 Metaspace       used 19752K, capacity 20156K, committed 20352K, reserved 1067008K
  class space    used 2808K, capacity 2938K, committed 2944K, reserved 1048576K
Event: 22.583 GC heap after
Heap after GC invocations=5 (full 0):
 PSYoungGen      total 37888K, used 5104K [0x00000000d6000000, 0x00000000d8a00000, 0x0000000100000000)
  eden space 32768K, 0% used [0x00000000d6000000,0x00000000d6000000,0x00000000d8000000)
  from space 5120K, 99% used [0x00000000d8000000,0x00000000d84fc010,0x00000000d8500000)
  to   space 5120K, 0% used [0x00000000d8500000,0x00000000d8500000,0x00000000d8a00000)
 ParOldGen       total 86016K, used 8445K [0x0000000082000000, 0x0000000087400000, 0x00000000d6000000)
  object space 86016K, 9% used [0x0000000082000000,0x000000008283f5f8,0x0000000087400000)
 Metaspace       used 19752K, capacity 20156K, committed 20352K, reserved 1067008K
  class space    used 2808K, capacity 2938K, committed 2944K, reserved 1048576K
}

Deoptimization events (10 events):
Event: 10.875 Thread 0x00000000025ee000 Uncommon trap: reason=class_check action=maybe_recompile pc=0x0000000002d5ae04 method=java.lang.AbstractStringBuilder.append(Ljava/lang/CharSequence;)Ljava/lang/AbstractStringBuilder; @ 26
Event: 10.875 Thread 0x00000000025ee000 Uncommon trap: reason=class_check action=maybe_recompile pc=0x0000000002d3c7ac method=java.lang.AbstractStringBuilder.append(Ljava/lang/CharSequence;)Ljava/lang/AbstractStringBuilder; @ 26
Event: 11.024 Thread 0x00000000025ee000 Uncommon trap: reason=unstable_if action=reinterpret pc=0x0000000002c5b550 method=sun.nio.cs.UTF_8$Decoder.decodeArrayLoop(Ljava/nio/ByteBuffer;Ljava/nio/CharBuffer;)Ljava/nio/charset/CoderResult; @ 167
Event: 11.167 Thread 0x00000000025ee000 Uncommon trap: reason=unstable_if action=reinterpret pc=0x0000000002bc917c method=java.lang.CharacterDataLatin1.isWhitespace(I)Z @ 14
Event: 11.170 Thread 0x00000000025ee000 Uncommon trap: reason=predicate action=maybe_recompile pc=0x0000000002c57f28 method=java.lang.AbstractStringBuilder.append(Ljava/lang/CharSequence;II)Ljava/lang/AbstractStringBuilder; @ 107
Event: 12.255 Thread 0x00000000025ee000 Uncommon trap: reason=bimorphic action=maybe_recompile pc=0x0000000002bd9018 method=java.util.HashMap.putVal(ILjava/lang/Object;Ljava/lang/Object;ZZ)Ljava/lang/Object; @ 91
Event: 12.463 Thread 0x00000000025ee000 Uncommon trap: reason=unstable_if action=reinterpret pc=0x0000000002f22784 method=com.google.gson.stream.JsonReader.nextQuotedValue(C)Ljava/lang/String; @ 33
Event: 13.686 Thread 0x00000000025ee000 Uncommon trap: reason=class_check action=maybe_recompile pc=0x0000000002f12c1c method=java.util.regex.Matcher.match(II)Z @ 86
Event: 13.688 Thread 0x00000000025ee000 Uncommon trap: reason=unstable_if action=reinterpret pc=0x0000000002eb9d3c method=org.sonar.api.utils.AnnotationUtils.getAnnotation(Ljava/lang/Object;Ljava/lang/Class;)Ljava/lang/annotation/Annotation; @ 88
Event: 13.772 Thread 0x00000000025ee000 Uncommon trap: reason=unstable_if action=reinterpret pc=0x0000000002f12c0c method=java.util.regex.Matcher.match(II)Z @ 91

Internal exceptions (10 events):
Event: 3.598 Thread 0x00000000025ee000 Implicit null exception at 0x00000000029fa71b to 0x00000000029fa8cd
Event: 3.805 Thread 0x00000000025ee000 Exception <a 'java/io/FileNotFoundException'> (0x00000000d64c2e40) thrown at [C:\re\workspace\8-2-build-windows-amd64-cygwin\jdk8u71\5731\hotspot\src\share\vm\prims\jni.cpp, line 709]
Event: 5.013 Thread 0x00000000025ee000 Exception <a 'sun/nio/fs/WindowsException'> (0x00000000d6b6eac8) thrown at [C:\re\workspace\8-2-build-windows-amd64-cygwin\jdk8u71\5731\hotspot\src\share\vm\prims\jni.cpp, line 709]
Event: 5.014 Thread 0x00000000025ee000 Exception <a 'sun/nio/fs/WindowsException'> (0x00000000d6b704e8) thrown at [C:\re\workspace\8-2-build-windows-amd64-cygwin\jdk8u71\5731\hotspot\src\share\vm\prims\jni.cpp, line 709]
Event: 5.030 Thread 0x00000000025ee000 Exception <a 'sun/nio/fs/WindowsException'> (0x00000000d6baf950) thrown at [C:\re\workspace\8-2-build-windows-amd64-cygwin\jdk8u71\5731\hotspot\src\share\vm\prims\jni.cpp, line 709]
Event: 5.330 Thread 0x00000000025ee000 Exception <a 'sun/nio/fs/WindowsException'> (0x00000000d6c062d0) thrown at [C:\re\workspace\8-2-build-windows-amd64-cygwin\jdk8u71\5731\hotspot\src\share\vm\prims\jni.cpp, line 709]
Event: 7.781 Thread 0x00000000025ee000 Implicit null exception at 0x0000000002be9ad8 to 0x0000000002be9b66
Event: 7.781 Thread 0x00000000025ee000 Implicit null exception at 0x0000000002bd5c2f to 0x0000000002bd5c99
Event: 8.002 Thread 0x00000000025ee000 Exception <a 'java/lang/ArrayIndexOutOfBoundsException': 18> (0x00000000d685c560) thrown at [C:\re\workspace\8-2-build-windows-amd64-cygwin\jdk8u71\5731\hotspot\src\share\vm\interpreter\interpreterRuntime.cpp, line 366]
Event: 8.002 Thread 0x00000000025ee000 Exception <a 'java/lang/ArrayIndexOutOfBoundsException': 55> (0x00000000d685d6a0) thrown at [C:\re\workspace\8-2-build-windows-amd64-cygwin\jdk8u71\5731\hotspot\src\share\vm\interpreter\interpreterRuntime.cpp, line 366]

Events (10 events):
Event: 13.771 loading class java/nio/file/FileTreeWalker$EventType done
Event: 13.771 loading class java/nio/file/Files$3
Event: 13.771 loading class java/nio/file/Files$3 done
Event: 13.771 loading class java/nio/file/FileVisitResult
Event: 13.771 loading class java/nio/file/FileVisitResult done
Event: 13.772 Thread 0x00000000025ee000 Uncommon trap: trap_request=0xffffff65 fr.pc=0x0000000002f12c0c
Event: 13.772 Thread 0x00000000025ee000 DEOPT PACKING pc=0x0000000002f12c0c sp=0x000000000277ef00
Event: 13.772 Thread 0x00000000025ee000 DEOPT UNPACKING pc=0x00000000028c582a sp=0x000000000277eeb8 mode 2
Event: 22.479 Executing VM operation: ParallelGCFailedAllocation
Event: 22.583 Executing VM operation: ParallelGCFailedAllocation done


Dynamic libraries:
0x00007ff6b14f0000 - 0x00007ff6b1527000 	C:\Program Files\Java\jdk1.8.0_71\bin\java.exe
0x00007ff8c72b0000 - 0x00007ff8c7481000 	C:\Windows\SYSTEM32\ntdll.dll
0x00007ff8c4d90000 - 0x00007ff8c4e3b000 	C:\Windows\System32\KERNEL32.DLL
0x00007ff8c3ed0000 - 0x00007ff8c40ed000 	C:\Windows\System32\KERNELBASE.dll
0x00007ff8c4e40000 - 0x00007ff8c4ee2000 	C:\Windows\System32\ADVAPI32.dll
0x00007ff8c48a0000 - 0x00007ff8c493e000 	C:\Windows\System32\msvcrt.dll
0x00007ff8c6710000 - 0x00007ff8c6769000 	C:\Windows\System32\sechost.dll
0x00007ff8c65e0000 - 0x00007ff8c6701000 	C:\Windows\System32\RPCRT4.dll
0x00007ff8c6940000 - 0x00007ff8c6aa5000 	C:\Windows\System32\USER32.dll
0x00007ff8c40f0000 - 0x00007ff8c410e000 	C:\Windows\System32\win32u.dll
0x00007ff8c6e40000 - 0x00007ff8c6e74000 	C:\Windows\System32\GDI32.dll
0x00007ff8c3840000 - 0x00007ff8c39c2000 	C:\Windows\System32\gdi32full.dll
0x00007ff8b73e0000 - 0x00007ff8b7659000 	C:\Windows\WinSxS\amd64_microsoft.windows.common-controls_6595b64144ccf1df_6.0.14393.0_none_2d0f50fcbdb171b8\COMCTL32.dll
0x00007ff8c6b60000 - 0x00007ff8c6e27000 	C:\Windows\System32\combase.dll
0x00007ff8c3c00000 - 0x00007ff8c3cf5000 	C:\Windows\System32\ucrtbase.dll
0x00007ff8c3b90000 - 0x00007ff8c3bfa000 	C:\Windows\System32\bcryptPrimitives.dll
0x00007ff8c50a0000 - 0x00007ff8c50ce000 	C:\Windows\System32\IMM32.DLL
0x0000000052d40000 - 0x0000000052e12000 	C:\Program Files\Java\jdk1.8.0_71\jre\bin\msvcr100.dll
0x0000000051600000 - 0x0000000051e8f000 	C:\Program Files\Java\jdk1.8.0_71\jre\bin\server\jvm.dll
0x00007ff8c4ef0000 - 0x00007ff8c4ef8000 	C:\Windows\System32\PSAPI.DLL
0x00007ff8aa9e0000 - 0x00007ff8aa9e9000 	C:\Windows\SYSTEM32\WSOCK32.dll
0x00007ff8c4c60000 - 0x00007ff8c4cca000 	C:\Windows\System32\WS2_32.dll
0x00007ff8c19a0000 - 0x00007ff8c19c3000 	C:\Windows\SYSTEM32\WINMM.dll
0x00007ff8be170000 - 0x00007ff8be17a000 	C:\Windows\SYSTEM32\VERSION.dll
0x00007ff8c17f0000 - 0x00007ff8c181b000 	C:\Windows\SYSTEM32\WINMMBASE.dll
0x00007ff8c47f0000 - 0x00007ff8c4832000 	C:\Windows\System32\cfgmgr32.dll
0x00000000538c0000 - 0x00000000538cf000 	C:\Program Files\Java\jdk1.8.0_71\jre\bin\verify.dll
0x0000000052d10000 - 0x0000000052d39000 	C:\Program Files\Java\jdk1.8.0_71\jre\bin\java.dll
0x0000000052cf0000 - 0x0000000052d06000 	C:\Program Files\Java\jdk1.8.0_71\jre\bin\zip.dll
0x00007ff8c50d0000 - 0x00007ff8c65d8000 	C:\Windows\System32\SHELL32.dll
0x00007ff8c4110000 - 0x00007ff8c47ea000 	C:\Windows\System32\windows.storage.dll
0x00007ff8c37f0000 - 0x00007ff8c383c000 	C:\Windows\System32\powrprof.dll
0x00007ff8c4ba0000 - 0x00007ff8c4bf2000 	C:\Windows\System32\shlwapi.dll
0x00007ff8c37e0000 - 0x00007ff8c37ef000 	C:\Windows\System32\kernel.appcore.dll
0x00007ff8c3a80000 - 0x00007ff8c3b29000 	C:\Windows\System32\shcore.dll
0x00007ff8c37c0000 - 0x00007ff8c37d4000 	C:\Windows\System32\profapi.dll
0x0000000052cd0000 - 0x0000000052cea000 	C:\Program Files\Java\jdk1.8.0_71\jre\bin\net.dll
0x00007ff8c3080000 - 0x00007ff8c30dc000 	C:\Windows\system32\mswsock.dll
0x0000000052cb0000 - 0x0000000052cc1000 	C:\Program Files\Java\jdk1.8.0_71\jre\bin\nio.dll
0x00007ff8c3220000 - 0x00007ff8c3237000 	C:\Windows\SYSTEM32\CRYPTSP.dll
0x00007ff8c2c90000 - 0x00007ff8c2cc3000 	C:\Windows\system32\rsaenh.dll
0x00007ff8c3700000 - 0x00007ff8c372b000 	C:\Windows\SYSTEM32\bcrypt.dll
0x00007ff8c2f00000 - 0x00007ff8c2f1f000 	C:\Windows\SYSTEM32\USERENV.dll
0x00007ff8c3240000 - 0x00007ff8c324b000 	C:\Windows\SYSTEM32\CRYPTBASE.dll
0x00007ff8c2e10000 - 0x00007ff8c2e48000 	C:\Windows\SYSTEM32\IPHLPAPI.DLL
0x00007ff8c6e30000 - 0x00007ff8c6e38000 	C:\Windows\System32\NSI.dll
0x00007ff8bd910000 - 0x00007ff8bd926000 	C:\Windows\SYSTEM32\dhcpcsvc6.DLL
0x00007ff8bd8e0000 - 0x00007ff8bd8fa000 	C:\Windows\SYSTEM32\dhcpcsvc.DLL

VM Arguments:
jvm_args: -Djava.awt.headless=true -Dsonarlint.home=C:\Users\Dhrumin\.vscode\extensions\silverbulleters.sonarqube-inject-2.1.0\tools\sonarlint-cli\bin\.. -Dproject.home=c:\Users\Dhrumin\git\kurate-angular -Dorg.freemarker.loggerLibrary=none 
java_command: org.sonarlint.cli.Main --reportType console --src src/app/admin/share/Share.service.ts --charset UTF-8
java_class_path (initial): C:\Users\Dhrumin\.vscode\extensions\silverbulleters.sonarqube-inject-2.1.0\tools\sonarlint-cli\bin\..\lib\sonarlint-cli-2.1-SNAPSHOT.jar
Launcher Type: SUN_STANDARD

Environment Variables:
JAVA_HOME=C:\Program Files\Java\jdk1.8.0_71
PATH=C:\Python27\;C:\Python27\Scripts;C:\ProgramData\Oracle\Java\javapath;C:\Windows\system32;C:\Windows;C:\Windows\System32\Wbem;C:\Windows\System32\WindowsPowerShell\v1.0\;C:\Program Files\MongoDB\Server\3.4\bin;C:\Program Files\Git\cmd;C:\Program Files (x86)\Microsoft SQL Server\Client SDK\ODBC\130\Tools\Binn\;C:\Program Files (x86)\Microsoft SQL Server\140\Tools\Binn\;C:\Program Files (x86)\Microsoft SQL Server\140\DTS\Binn\;C:\Program Files (x86)\Microsoft SQL Server\140\Tools\Binn\ManagementStudio\;C:\Program Files\Microsoft SQL Server\Client SDK\ODBC\130\Tools\Binn\;C:\Program Files\Microsoft SQL Server\140\Tools\Binn\;C:\Program Files\Microsoft SQL Server\140\DTS\Binn\;C:\Program Files\Microsoft VS Code\bin;C:\Program Files\Java\jdk1.8.0_71\bin;C:\Users\Dhrumin\Desktop\apache-tomcat-9.0.22\bin;C:\ProgramData\chocolatey\bin;C:\Program Files\nodejs\;C:\Program Files\PuTTY\;C:\Users\Dhrumin\AppData\Local\Microsoft\WindowsApps;C:\Users\Dhrumin\AppData\Roaming\npm
USERNAME=Dhrumin
OS=Windows_NT
PROCESSOR_IDENTIFIER=Intel64 Family 6 Model 60 Stepping 3, GenuineIntel



---------------  S Y S T E M  ---------------

OS: Windows 10.0 , 64 bit Build 14393 (10.0.14393.0)

CPU:total 4 (2 cores per cpu, 2 threads per core) family 6 model 60 stepping 3, cmov, cx8, fxsr, mmx, sse, sse2, sse3, ssse3, sse4.1, sse4.2, popcnt, avx, avx2, aes, clmul, erms, lzcnt, ht, tsc, tscinvbit, bmi1, bmi2

Memory: 4k page, physical 8253496k(61696k free), swap 22841780k(3280k free)

vm_info: Java HotSpot(TM) 64-Bit Server VM (25.71-b15) for windows-amd64 JRE (1.8.0_71-b15), built on Dec 22 2015 18:15:55 by "java_re" with MS VC++ 10.0 (VS2010)

time: Tue Mar 24 17:19:16 2020
elapsed time: 22 seconds (0d 0h 0m 22s)

