#
# There is insufficient memory for the Java Runtime Environment to continue.
# Native memory allocation (malloc) failed to allocate 32744 bytes for ChunkPool::allocate
# Possible reasons:
#   The system is out of physical RAM or swap space
#   In 32 bit mode, the process size limit was hit
# Possible solutions:
#   Reduce memory load on the system
#   Increase physical memory or swap space
#   Check if swap backing store is full
#   Use 64 bit Java on a 64 bit OS
#   Decrease Java heap size (-Xmx/-Xms)
#   Decrease number of Java threads
#   Decrease Java thread stack sizes (-Xss)
#   Set larger code cache with -XX:ReservedCodeCacheSize=
# This output file may be truncated or incomplete.
#
#  Out of Memory Error (allocation.cpp:273), pid=13340, tid=11668
#
# JRE version: Java(TM) SE Runtime Environment (8.0_71-b15) (build 1.8.0_71-b15)
# Java VM: Java HotSpot(TM) 64-Bit Server VM (25.71-b15 mixed mode windows-amd64 compressed oops)
# Failed to write core dump. Minidumps are not enabled by default on client versions of Windows
#

---------------  T H R E A D  ---------------

Current thread (0x000000001774e000):  JavaThread "C2 CompilerThread0" daemon [_thread_in_native, id=11668, stack(0x0000000018da0000,0x0000000018ea0000)]

Stack: [0x0000000018da0000,0x0000000018ea0000]
[error occurred during error reporting (printing stack bounds), id 0xc0000005]

Native frames: (J=compiled Java code, j=interpreted, Vv=VM code, C=native code)


Current CompileTask:
C2:  19207 2148       4       java.net.URLClassLoader$1::run (5 bytes)


---------------  P R O C E S S  ---------------

Java Threads: ( => current thread )
  0x00000000190a8800 JavaThread "Service Thread" daemon [_thread_blocked, id=12304, stack(0x00000000194a0000,0x00000000195a0000)]
  0x0000000017772800 JavaThread "C1 CompilerThread2" daemon [_thread_blocked, id=7560, stack(0x0000000018fa0000,0x00000000190a0000)]
  0x0000000017751800 JavaThread "C2 CompilerThread1" daemon [_thread_in_native, id=4120, stack(0x0000000018ea0000,0x0000000018fa0000)]
=>0x000000001774e000 JavaThread "C2 CompilerThread0" daemon [_thread_in_native, id=11668, stack(0x0000000018da0000,0x0000000018ea0000)]
  0x000000001774d000 JavaThread "Attach Listener" daemon [_thread_blocked, id=9324, stack(0x0000000018ca0000,0x0000000018da0000)]
  0x000000001774b000 JavaThread "Signal Dispatcher" daemon [_thread_blocked, id=9260, stack(0x0000000018ba0000,0x0000000018ca0000)]
  0x0000000002c11000 JavaThread "Finalizer" daemon [_thread_blocked, id=11828, stack(0x00000000189a0000,0x0000000018aa0000)]
  0x0000000002c0e800 JavaThread "Reference Handler" daemon [_thread_blocked, id=3744, stack(0x00000000188a0000,0x00000000189a0000)]
  0x000000000113e000 JavaThread "main" [_thread_in_vm, id=1044, stack(0x0000000002a00000,0x0000000002b00000)]

Other Threads:
  0x0000000017717800 VMThread [stack: 0x00000000187a0000,0x00000000188a0000] [id=5980]
  0x00000000190e4800 WatcherThread [stack: 0x00000000195a0000,0x00000000196a0000] [id=4492]

VM state:not at safepoint (normal execution)

VM Mutex/Monitor currently owned by a thread: None

Heap:
 PSYoungGen      total 139264K, used 5202K [0x00000000d6000000, 0x00000000df100000, 0x0000000100000000)
  eden space 130560K, 3% used [0x00000000d6000000,0x00000000d6514878,0x00000000ddf80000)
  from space 8704K, 0% used [0x00000000ddf80000,0x00000000ddf80000,0x00000000de800000)
  to   space 8192K, 0% used [0x00000000de800000,0x00000000de800000,0x00000000df000000)
 ParOldGen       total 56320K, used 6757K [0x0000000082000000, 0x0000000085700000, 0x00000000d6000000)
  object space 56320K, 11% used [0x0000000082000000,0x00000000826997e0,0x0000000085700000)
 Metaspace       used 21130K, capacity 21566K, committed 21936K, reserved 1069056K
  class space    used 3055K, capacity 3235K, committed 3248K, reserved 1048576K

Card table byte_map: [0x0000000011ff0000,0x00000000123f0000] byte_map_base: 0x0000000011be0000

Marking Bits: (ParMarkBitMap*) 0x0000000051e0f600
 Begin Bits: [0x0000000012a90000, 0x0000000014a10000)
 End Bits:   [0x0000000014a10000, 0x0000000016990000)

Polling page: 0x0000000002b00000

CodeCache: size=245760Kb used=7605Kb max_used=7605Kb free=238154Kb
 bounds [0x0000000002c30000, 0x00000000033b0000, 0x0000000011c30000]
 total_blobs=2505 nmethods=2154 adapters=263
 compilation: enabled

Compilation events (10 events):
Event: 18.750 Thread 0x0000000017772800 2153       1       java.lang.reflect.Constructor::getModifiers (5 bytes)
Event: 18.750 Thread 0x0000000017772800 nmethod 2153 0x000000000339cad0 code [0x000000000339cc20, 0x000000000339cd30]
Event: 18.961 Thread 0x0000000017772800 2154       3       sun.reflect.ReflectionFactory::checkInitted (19 bytes)
Event: 18.961 Thread 0x0000000017772800 nmethod 2154 0x00000000033a0d90 code [0x00000000033a0f00, 0x00000000033a11c8]
Event: 18.964 Thread 0x0000000017772800 2155       3       java.util.Collections$UnmodifiableSet::<init> (6 bytes)
Event: 18.965 Thread 0x0000000017772800 nmethod 2155 0x00000000033a12d0 code [0x00000000033a1440, 0x00000000033a1768]
Event: 18.965 Thread 0x0000000017772800 2156       3       sun.reflect.DelegatingConstructorAccessorImpl::setDelegate (6 bytes)
Event: 18.965 Thread 0x0000000017772800 nmethod 2156 0x00000000033a18d0 code [0x00000000033a1a20, 0x00000000033a1b90]
Event: 18.968 Thread 0x0000000017772800 2157       3       java.util.IdentityHashMap::hash (18 bytes)
Event: 18.968 Thread 0x0000000017772800 nmethod 2157 0x00000000033a1c10 code [0x00000000033a1d80, 0x00000000033a1f08]

GC Heap History (10 events):
Event: 9.855 GC heap before
{Heap before GC invocations=4 (full 0):
 PSYoungGen      total 37888K, used 37856K [0x00000000d6000000, 0x00000000daa00000, 0x0000000100000000)
  eden space 32768K, 100% used [0x00000000d6000000,0x00000000d8000000,0x00000000d8000000)
  from space 5120K, 99% used [0x00000000d8000000,0x00000000d84f8020,0x00000000d8500000)
  to   space 5120K, 0% used [0x00000000da500000,0x00000000da500000,0x00000000daa00000)
 ParOldGen       total 86016K, used 4015K [0x0000000082000000, 0x0000000087400000, 0x00000000d6000000)
  object space 86016K, 4% used [0x0000000082000000,0x00000000823ebef8,0x0000000087400000)
 Metaspace       used 18474K, capacity 18810K, committed 19200K, reserved 1064960K
  class space    used 2620K, capacity 2769K, committed 2816K, reserved 1048576K
Event: 9.870 GC heap after
Heap after GC invocations=4 (full 0):
 PSYoungGen      total 70656K, used 5088K [0x00000000d6000000, 0x00000000daa00000, 0x0000000100000000)
  eden space 65536K, 0% used [0x00000000d6000000,0x00000000d6000000,0x00000000da000000)
  from space 5120K, 99% used [0x00000000da500000,0x00000000da9f8020,0x00000000daa00000)
  to   space 5120K, 0% used [0x00000000da000000,0x00000000da000000,0x00000000da500000)
 ParOldGen       total 86016K, used 6460K [0x0000000082000000, 0x0000000087400000, 0x00000000d6000000)
  object space 86016K, 7% used [0x0000000082000000,0x000000008264f028,0x0000000087400000)
 Metaspace       used 18474K, capacity 18810K, committed 19200K, reserved 1064960K
  class space    used 2620K, capacity 2769K, committed 2816K, reserved 1048576K
}
Event: 13.344 GC heap before
{Heap before GC invocations=5 (full 0):
 PSYoungGen      total 70656K, used 70624K [0x00000000d6000000, 0x00000000daa00000, 0x0000000100000000)
  eden space 65536K, 100% used [0x00000000d6000000,0x00000000da000000,0x00000000da000000)
  from space 5120K, 99% used [0x00000000da500000,0x00000000da9f8020,0x00000000daa00000)
  to   space 5120K, 0% used [0x00000000da000000,0x00000000da000000,0x00000000da500000)
 ParOldGen       total 86016K, used 6460K [0x0000000082000000, 0x0000000087400000, 0x00000000d6000000)
  object space 86016K, 7% used [0x0000000082000000,0x000000008264f028,0x0000000087400000)
 Metaspace       used 19767K, capacity 20156K, committed 20352K, reserved 1067008K
  class space    used 2809K, capacity 2938K, committed 2944K, reserved 1048576K
Event: 13.388 GC heap after
Heap after GC invocations=5 (full 0):
 PSYoungGen      total 70656K, used 5088K [0x00000000d6000000, 0x00000000df000000, 0x0000000100000000)
  eden space 65536K, 0% used [0x00000000d6000000,0x00000000d6000000,0x00000000da000000)
  from space 5120K, 99% used [0x00000000da000000,0x00000000da4f8020,0x00000000da500000)
  to   space 8192K, 0% used [0x00000000de800000,0x00000000de800000,0x00000000df000000)
 ParOldGen       total 86016K, used 8417K [0x0000000082000000, 0x0000000087400000, 0x00000000d6000000)
  object space 86016K, 9% used [0x0000000082000000,0x0000000082838540,0x0000000087400000)
 Metaspace       used 19767K, capacity 20156K, committed 20352K, reserved 1067008K
  class space    used 2809K, capacity 2938K, committed 2944K, reserved 1048576K
}
Event: 16.250 GC heap before
{Heap before GC invocations=6 (full 0):
 PSYoungGen      total 70656K, used 70624K [0x00000000d6000000, 0x00000000df000000, 0x0000000100000000)
  eden space 65536K, 100% used [0x00000000d6000000,0x00000000da000000,0x00000000da000000)
  from space 5120K, 99% used [0x00000000da000000,0x00000000da4f8020,0x00000000da500000)
  to   space 8192K, 0% used [0x00000000de800000,0x00000000de800000,0x00000000df000000)
 ParOldGen       total 86016K, used 8417K [0x0000000082000000, 0x0000000087400000, 0x00000000d6000000)
  object space 86016K, 9% used [0x0000000082000000,0x0000000082838540,0x0000000087400000)
 Metaspace       used 19767K, capacity 20156K, committed 20352K, reserved 1067008K
  class space    used 2809K, capacity 2938K, committed 2944K, reserved 1048576K
Event: 16.275 GC heap after
Heap after GC invocations=6 (full 0):
 PSYoungGen      total 138752K, used 5120K [0x00000000d6000000, 0x00000000df100000, 0x0000000100000000)
  eden space 130560K, 0% used [0x00000000d6000000,0x00000000d6000000,0x00000000ddf80000)
  from space 8192K, 62% used [0x00000000de800000,0x00000000ded00020,0x00000000df000000)
  to   space 8704K, 0% used [0x00000000ddf80000,0x00000000ddf80000,0x00000000de800000)
 ParOldGen       total 86016K, used 8425K [0x0000000082000000, 0x0000000087400000, 0x00000000d6000000)
  object space 86016K, 9% used [0x0000000082000000,0x000000008283a540,0x0000000087400000)
 Metaspace       used 19767K, capacity 20156K, committed 20352K, reserved 1067008K
  class space    used 2809K, capacity 2938K, committed 2944K, reserved 1048576K
}
Event: 17.998 GC heap before
{Heap before GC invocations=7 (full 0):
 PSYoungGen      total 138752K, used 31363K [0x00000000d6000000, 0x00000000df100000, 0x0000000100000000)
  eden space 130560K, 20% used [0x00000000d6000000,0x00000000d79a0d80,0x00000000ddf80000)
  from space 8192K, 62% used [0x00000000de800000,0x00000000ded00020,0x00000000df000000)
  to   space 8704K, 0% used [0x00000000ddf80000,0x00000000ddf80000,0x00000000de800000)
 ParOldGen       total 86016K, used 8425K [0x0000000082000000, 0x0000000087400000, 0x00000000d6000000)
  object space 86016K, 9% used [0x0000000082000000,0x000000008283a540,0x0000000087400000)
 Metaspace       used 20644K, capacity 21108K, committed 21296K, reserved 1067008K
  class space    used 2937K, capacity 3104K, committed 3120K, reserved 1048576K
Event: 18.167 GC heap after
Heap after GC invocations=7 (full 0):
 PSYoungGen      total 139264K, used 3613K [0x00000000d6000000, 0x00000000df100000, 0x0000000100000000)
  eden space 130560K, 0% used [0x00000000d6000000,0x00000000d6000000,0x00000000ddf80000)
  from space 8704K, 41% used [0x00000000ddf80000,0x00000000de307538,0x00000000de800000)
  to   space 8192K, 0% used [0x00000000de800000,0x00000000de800000,0x00000000df000000)
 ParOldGen       total 86016K, used 10952K [0x0000000082000000, 0x0000000087400000, 0x00000000d6000000)
  object space 86016K, 12% used [0x0000000082000000,0x0000000082ab22b0,0x0000000087400000)
 Metaspace       used 20644K, capacity 21108K, committed 21296K, reserved 1067008K
  class space    used 2937K, capacity 3104K, committed 3120K, reserved 1048576K
}
Event: 18.167 GC heap before
{Heap before GC invocations=8 (full 1):
 PSYoungGen      total 139264K, used 3613K [0x00000000d6000000, 0x00000000df100000, 0x0000000100000000)
  eden space 130560K, 0% used [0x00000000d6000000,0x00000000d6000000,0x00000000ddf80000)
  from space 8704K, 41% used [0x00000000ddf80000,0x00000000de307538,0x00000000de800000)
  to   space 8192K, 0% used [0x00000000de800000,0x00000000de800000,0x00000000df000000)
 ParOldGen       total 86016K, used 10952K [0x0000000082000000, 0x0000000087400000, 0x00000000d6000000)
  object space 86016K, 12% used [0x0000000082000000,0x0000000082ab22b0,0x0000000087400000)
 Metaspace       used 20644K, capacity 21108K, committed 21296K, reserved 1067008K
  class space    used 2937K, capacity 3104K, committed 3120K, reserved 1048576K
Event: 18.506 GC heap after
Heap after GC invocations=8 (full 1):
 PSYoungGen      total 139264K, used 0K [0x00000000d6000000, 0x00000000df100000, 0x0000000100000000)
  eden space 130560K, 0% used [0x00000000d6000000,0x00000000d6000000,0x00000000ddf80000)
  from space 8704K, 0% used [0x00000000ddf80000,0x00000000ddf80000,0x00000000de800000)
  to   space 8192K, 0% used [0x00000000de800000,0x00000000de800000,0x00000000df000000)
 ParOldGen       total 56320K, used 6757K [0x0000000082000000, 0x0000000085700000, 0x00000000d6000000)
  object space 56320K, 11% used [0x0000000082000000,0x00000000826997e0,0x0000000085700000)
 Metaspace       used 20644K, capacity 21108K, committed 21296K, reserved 1067008K
  class space    used 2937K, capacity 3104K, committed 3120K, reserved 1048576K
}

Deoptimization events (10 events):
Event: 17.370 Thread 0x000000000113e000 Uncommon trap: reason=unstable_if action=reinterpret pc=0x00000000033659d0 method=org.sonarlint.cli.InputFileFinder$FileCollector.visitFile(Ljava/nio/file/Path;Ljava/nio/file/attribute/BasicFileAttributes;)Ljava/nio/file/FileVisitResult; @ 44
Event: 17.431 Thread 0x000000000113e000 Uncommon trap: reason=null_check action=make_not_entrant pc=0x000000000335d5a8 method=java.nio.file.FileTreeWalker.next()Ljava/nio/file/FileTreeWalker$Event; @ 7
Event: 17.438 Thread 0x000000000113e000 Uncommon trap: reason=unstable_if action=reinterpret pc=0x00000000030ce8bc method=java.util.regex.Pattern$Dot.isSatisfiedBy(I)Z @ 3
Event: 17.438 Thread 0x000000000113e000 Uncommon trap: reason=class_check action=maybe_recompile pc=0x00000000031452b0 method=java.util.regex.Pattern$Curly.match0(Ljava/util/regex/Matcher;IILjava/lang/CharSequence;)Z @ 170
Event: 17.742 Thread 0x000000000113e000 Uncommon trap: reason=unstable_if action=reinterpret pc=0x000000000335897c method=sun.nio.fs.WindowsNativeDispatcher.asNativeBuffer(Ljava/lang/String;)Lsun/nio/fs/NativeBuffer; @ 33
Event: 17.861 Thread 0x000000000113e000 Uncommon trap: reason=unstable_if action=reinterpret pc=0x00000000032b3ae4 method=java.io.WinNTFileSystem.isLetter(C)Z @ 3
Event: 17.872 Thread 0x000000000113e000 Uncommon trap: reason=unstable_if action=reinterpret pc=0x0000000003072a90 method=java.lang.String.substring(I)Ljava/lang/String; @ 35
Event: 17.879 Thread 0x000000000113e000 Uncommon trap: reason=unstable_if action=reinterpret pc=0x0000000003250a6c method=java.util.regex.Pattern.atom()Ljava/util/regex/Pattern$Node; @ 255
Event: 17.879 Thread 0x000000000113e000 Uncommon trap: reason=unstable_if action=reinterpret pc=0x000000000325452c method=java.util.regex.Pattern.sequence(Ljava/util/regex/Pattern$Node;)Ljava/util/regex/Pattern$Node; @ 536
Event: 17.879 Thread 0x000000000113e000 Uncommon trap: reason=unstable_if action=reinterpret pc=0x000000000319fb6c method=java.util.regex.Pattern.closure(Ljava/util/regex/Pattern$Node;)Ljava/util/regex/Pattern$Node; @ 113

Internal exceptions (10 events):
Event: 1.525 Thread 0x000000000113e000 Exception <a 'java/io/FileNotFoundException'> (0x00000000d64c2d08) thrown at [C:\re\workspace\8-2-build-windows-amd64-cygwin\jdk8u71\5731\hotspot\src\share\vm\prims\jni.cpp, line 709]
Event: 2.866 Thread 0x000000000113e000 Exception <a 'sun/nio/fs/WindowsException'> (0x00000000d6b6eac8) thrown at [C:\re\workspace\8-2-build-windows-amd64-cygwin\jdk8u71\5731\hotspot\src\share\vm\prims\jni.cpp, line 709]
Event: 2.886 Thread 0x000000000113e000 Exception <a 'sun/nio/fs/WindowsException'> (0x00000000d6b704e8) thrown at [C:\re\workspace\8-2-build-windows-amd64-cygwin\jdk8u71\5731\hotspot\src\share\vm\prims\jni.cpp, line 709]
Event: 2.978 Thread 0x000000000113e000 Exception <a 'sun/nio/fs/WindowsException'> (0x00000000d6baf950) thrown at [C:\re\workspace\8-2-build-windows-amd64-cygwin\jdk8u71\5731\hotspot\src\share\vm\prims\jni.cpp, line 709]
Event: 3.188 Thread 0x000000000113e000 Exception <a 'sun/nio/fs/WindowsException'> (0x00000000d6c05750) thrown at [C:\re\workspace\8-2-build-windows-amd64-cygwin\jdk8u71\5731\hotspot\src\share\vm\prims\jni.cpp, line 709]
Event: 5.146 Thread 0x000000000113e000 Implicit null exception at 0x0000000002f93618 to 0x0000000002f936a6
Event: 5.146 Thread 0x000000000113e000 Implicit null exception at 0x0000000002f960af to 0x0000000002f96119
Event: 5.422 Thread 0x000000000113e000 Exception <a 'java/lang/ArrayIndexOutOfBoundsException': 18> (0x00000000d685b5d8) thrown at [C:\re\workspace\8-2-build-windows-amd64-cygwin\jdk8u71\5731\hotspot\src\share\vm\interpreter\interpreterRuntime.cpp, line 366]
Event: 5.550 Thread 0x000000000113e000 Exception <a 'java/lang/ArrayIndexOutOfBoundsException': 55> (0x00000000d685c718) thrown at [C:\re\workspace\8-2-build-windows-amd64-cygwin\jdk8u71\5731\hotspot\src\share\vm\interpreter\interpreterRuntime.cpp, line 366]
Event: 17.431 Thread 0x000000000113e000 Implicit null exception at 0x000000000335bb70 to 0x000000000335d599

Events (10 events):
Event: 18.975 loading class net/sf/cglib/proxy/Callback
Event: 18.975 loading class net/sf/cglib/proxy/Callback done
Event: 18.976 loading class com/sonar/sslr/api/typed/NodeBuilder
Event: 18.976 loading class com/sonar/sslr/api/typed/NodeBuilder done
Event: 18.976 loading class org/sonar/javascript/parser/JavaScriptLegacyGrammar
Event: 18.976 loading class org/sonar/javascript/parser/JavaScriptLegacyGrammar done
Event: 18.978 loading class com/sonar/sslr/api/TokenType
Event: 18.978 loading class com/sonar/sslr/api/TokenType done
Event: 18.980 loading class org/sonar/sslr/grammar/LexerlessGrammarBuilder
Event: 18.980 loading class org/sonar/sslr/grammar/LexerlessGrammarBuilder done


Dynamic libraries:
0x00007ff6958b0000 - 0x00007ff6958e7000 	C:\Program Files\Java\jdk1.8.0_71\bin\java.exe
0x00007ff8c72b0000 - 0x00007ff8c7481000 	C:\Windows\SYSTEM32\ntdll.dll
0x00007ff8c4d90000 - 0x00007ff8c4e3b000 	C:\Windows\System32\KERNEL32.DLL
0x00007ff8c3ed0000 - 0x00007ff8c40ed000 	C:\Windows\System32\KERNELBASE.dll
0x00007ff8c4e40000 - 0x00007ff8c4ee2000 	C:\Windows\System32\ADVAPI32.dll
0x00007ff8c48a0000 - 0x00007ff8c493e000 	C:\Windows\System32\msvcrt.dll
0x00007ff8c6710000 - 0x00007ff8c6769000 	C:\Windows\System32\sechost.dll
0x00007ff8c65e0000 - 0x00007ff8c6701000 	C:\Windows\System32\RPCRT4.dll
0x00007ff8c6940000 - 0x00007ff8c6aa5000 	C:\Windows\System32\USER32.dll
0x00007ff8c40f0000 - 0x00007ff8c410e000 	C:\Windows\System32\win32u.dll
0x00007ff8c6e40000 - 0x00007ff8c6e74000 	C:\Windows\System32\GDI32.dll
0x00007ff8c3840000 - 0x00007ff8c39c2000 	C:\Windows\System32\gdi32full.dll
0x00007ff8b73e0000 - 0x00007ff8b7659000 	C:\Windows\WinSxS\amd64_microsoft.windows.common-controls_6595b64144ccf1df_6.0.14393.0_none_2d0f50fcbdb171b8\COMCTL32.dll
0x00007ff8c6b60000 - 0x00007ff8c6e27000 	C:\Windows\System32\combase.dll
0x00007ff8c3c00000 - 0x00007ff8c3cf5000 	C:\Windows\System32\ucrtbase.dll
0x00007ff8c3b90000 - 0x00007ff8c3bfa000 	C:\Windows\System32\bcryptPrimitives.dll
0x00007ff8c50a0000 - 0x00007ff8c50ce000 	C:\Windows\System32\IMM32.DLL
0x0000000052d40000 - 0x0000000052e12000 	C:\Program Files\Java\jdk1.8.0_71\jre\bin\msvcr100.dll
0x0000000051600000 - 0x0000000051e8f000 	C:\Program Files\Java\jdk1.8.0_71\jre\bin\server\jvm.dll
0x00007ff8c4ef0000 - 0x00007ff8c4ef8000 	C:\Windows\System32\PSAPI.DLL
0x00007ff8aa9e0000 - 0x00007ff8aa9e9000 	C:\Windows\SYSTEM32\WSOCK32.dll
0x00007ff8c4c60000 - 0x00007ff8c4cca000 	C:\Windows\System32\WS2_32.dll
0x00007ff8c19a0000 - 0x00007ff8c19c3000 	C:\Windows\SYSTEM32\WINMM.dll
0x00007ff8be170000 - 0x00007ff8be17a000 	C:\Windows\SYSTEM32\VERSION.dll
0x00007ff8c17f0000 - 0x00007ff8c181b000 	C:\Windows\SYSTEM32\WINMMBASE.dll
0x00007ff8c47f0000 - 0x00007ff8c4832000 	C:\Windows\System32\cfgmgr32.dll
0x00000000538c0000 - 0x00000000538cf000 	C:\Program Files\Java\jdk1.8.0_71\jre\bin\verify.dll
0x0000000052d10000 - 0x0000000052d39000 	C:\Program Files\Java\jdk1.8.0_71\jre\bin\java.dll
0x0000000052cf0000 - 0x0000000052d06000 	C:\Program Files\Java\jdk1.8.0_71\jre\bin\zip.dll
0x00007ff8c50d0000 - 0x00007ff8c65d8000 	C:\Windows\System32\SHELL32.dll
0x00007ff8c4110000 - 0x00007ff8c47ea000 	C:\Windows\System32\windows.storage.dll
0x00007ff8c37f0000 - 0x00007ff8c383c000 	C:\Windows\System32\powrprof.dll
0x00007ff8c4ba0000 - 0x00007ff8c4bf2000 	C:\Windows\System32\shlwapi.dll
0x00007ff8c37e0000 - 0x00007ff8c37ef000 	C:\Windows\System32\kernel.appcore.dll
0x00007ff8c3a80000 - 0x00007ff8c3b29000 	C:\Windows\System32\shcore.dll
0x00007ff8c37c0000 - 0x00007ff8c37d4000 	C:\Windows\System32\profapi.dll
0x0000000052cd0000 - 0x0000000052cea000 	C:\Program Files\Java\jdk1.8.0_71\jre\bin\net.dll
0x00007ff8c3080000 - 0x00007ff8c30dc000 	C:\Windows\system32\mswsock.dll
0x0000000052cb0000 - 0x0000000052cc1000 	C:\Program Files\Java\jdk1.8.0_71\jre\bin\nio.dll
0x00007ff8c3220000 - 0x00007ff8c3237000 	C:\Windows\SYSTEM32\CRYPTSP.dll
0x00007ff8c2c90000 - 0x00007ff8c2cc3000 	C:\Windows\system32\rsaenh.dll
0x00007ff8c3700000 - 0x00007ff8c372b000 	C:\Windows\SYSTEM32\bcrypt.dll
0x00007ff8c2f00000 - 0x00007ff8c2f1f000 	C:\Windows\SYSTEM32\USERENV.dll
0x00007ff8c3240000 - 0x00007ff8c324b000 	C:\Windows\SYSTEM32\CRYPTBASE.dll
0x00007ff8c2e10000 - 0x00007ff8c2e48000 	C:\Windows\SYSTEM32\IPHLPAPI.DLL
0x00007ff8c6e30000 - 0x00007ff8c6e38000 	C:\Windows\System32\NSI.dll
0x00007ff8bd910000 - 0x00007ff8bd926000 	C:\Windows\SYSTEM32\dhcpcsvc6.DLL
0x00007ff8bd8e0000 - 0x00007ff8bd8fa000 	C:\Windows\SYSTEM32\dhcpcsvc.DLL

VM Arguments:
jvm_args: -Djava.awt.headless=true -Dsonarlint.home=C:\Users\Dhrumin\.vscode\extensions\silverbulleters.sonarqube-inject-2.1.0\tools\sonarlint-cli\bin\.. -Dproject.home=c:\Users\Dhrumin\git\kurate-angular -Dorg.freemarker.loggerLibrary=none 
java_command: org.sonarlint.cli.Main --reportType console --src src/app/admin/share/Share.service.ts --charset UTF-8
java_class_path (initial): C:\Users\Dhrumin\.vscode\extensions\silverbulleters.sonarqube-inject-2.1.0\tools\sonarlint-cli\bin\..\lib\sonarlint-cli-2.1-SNAPSHOT.jar
Launcher Type: SUN_STANDARD

Environment Variables:
JAVA_HOME=C:\Program Files\Java\jdk1.8.0_71
PATH=C:\Python27\;C:\Python27\Scripts;C:\ProgramData\Oracle\Java\javapath;C:\Windows\system32;C:\Windows;C:\Windows\System32\Wbem;C:\Windows\System32\WindowsPowerShell\v1.0\;C:\Program Files\MongoDB\Server\3.4\bin;C:\Program Files\Git\cmd;C:\Program Files (x86)\Microsoft SQL Server\Client SDK\ODBC\130\Tools\Binn\;C:\Program Files (x86)\Microsoft SQL Server\140\Tools\Binn\;C:\Program Files (x86)\Microsoft SQL Server\140\DTS\Binn\;C:\Program Files (x86)\Microsoft SQL Server\140\Tools\Binn\ManagementStudio\;C:\Program Files\Microsoft SQL Server\Client SDK\ODBC\130\Tools\Binn\;C:\Program Files\Microsoft SQL Server\140\Tools\Binn\;C:\Program Files\Microsoft SQL Server\140\DTS\Binn\;C:\Program Files\Microsoft VS Code\bin;C:\Program Files\Java\jdk1.8.0_71\bin;C:\Users\Dhrumin\Desktop\apache-tomcat-9.0.22\bin;C:\ProgramData\chocolatey\bin;C:\Program Files\nodejs\;C:\Program Files\PuTTY\;C:\Users\Dhrumin\AppData\Local\Microsoft\WindowsApps;C:\Users\Dhrumin\AppData\Roaming\npm
USERNAME=Dhrumin
OS=Windows_NT
PROCESSOR_IDENTIFIER=Intel64 Family 6 Model 60 Stepping 3, GenuineIntel



---------------  S Y S T E M  ---------------

OS: Windows 10.0 , 64 bit Build 14393 (10.0.14393.0)

CPU:total 4 (2 cores per cpu, 2 threads per core) family 6 model 60 stepping 3, cmov, cx8, fxsr, mmx, sse, sse2, sse3, ssse3, sse4.1, sse4.2, popcnt, avx, avx2, aes, clmul, erms, lzcnt, ht, tsc, tscinvbit, bmi1, bmi2

Memory: 4k page, physical 8253496k(87056k free), swap 22841780k(3732k free)

vm_info: Java HotSpot(TM) 64-Bit Server VM (25.71-b15) for windows-amd64 JRE (1.8.0_71-b15), built on Dec 22 2015 18:15:55 by "java_re" with MS VC++ 10.0 (VS2010)

time: Tue Mar 24 17:17:58 2020
elapsed time: 19 seconds (0d 0h 0m 19s)

