#
# There is insufficient memory for the Java Runtime Environment to continue.
# Native memory allocation (malloc) failed to allocate 262160 bytes for Chunk::new
# Possible reasons:
#   The system is out of physical RAM or swap space
#   In 32 bit mode, the process size limit was hit
# Possible solutions:
#   Reduce memory load on the system
#   Increase physical memory or swap space
#   Check if swap backing store is full
#   Use 64 bit Java on a 64 bit OS
#   Decrease Java heap size (-Xmx/-Xms)
#   Decrease number of Java threads
#   Decrease Java thread stack sizes (-Xss)
#   Set larger code cache with -XX:ReservedCodeCacheSize=
# This output file may be truncated or incomplete.
#
#  Out of Memory Error (allocation.cpp:390), pid=4380, tid=4424
#
# JRE version: Java(TM) SE Runtime Environment (8.0_71-b15) (build 1.8.0_71-b15)
# Java VM: Java HotSpot(TM) 64-Bit Server VM (25.71-b15 mixed mode windows-amd64 compressed oops)
# Failed to write core dump. Minidumps are not enabled by default on client versions of Windows
#

---------------  T H R E A D  ---------------

Current thread (0x0000000016f14000):  JavaThread "C2 CompilerThread1" daemon [_thread_in_native, id=4424, stack(0x0000000018650000,0x0000000018750000)]

Stack: [0x0000000018650000,0x0000000018750000]
[error occurred during error reporting (printing stack bounds), id 0xc0000005]

Native frames: (J=compiled Java code, j=interpreted, Vv=VM code, C=native code)


Current CompileTask:
C2:   4253 1463   !   4       org.sonar.classloader.DefaultClassloaderRef::loadClassIfPresent (23 bytes)


---------------  P R O C E S S  ---------------

Java Threads: ( => current thread )
  0x0000000018869800 JavaThread "Service Thread" daemon [_thread_blocked, id=1984, stack(0x0000000018c50000,0x0000000018d50000)]
  0x0000000016f55800 JavaThread "C1 CompilerThread2" daemon [_thread_in_native, id=8460, stack(0x0000000018750000,0x0000000018850000)]
=>0x0000000016f14000 JavaThread "C2 CompilerThread1" daemon [_thread_in_native, id=4424, stack(0x0000000018650000,0x0000000018750000)]
  0x0000000016f10800 JavaThread "C2 CompilerThread0" daemon [_thread_in_native, id=3324, stack(0x0000000018550000,0x0000000018650000)]
  0x0000000016f0d000 JavaThread "Attach Listener" daemon [_thread_blocked, id=1924, stack(0x0000000018450000,0x0000000018550000)]
  0x0000000016f0b000 JavaThread "Signal Dispatcher" daemon [_thread_blocked, id=912, stack(0x0000000018350000,0x0000000018450000)]
  0x0000000002411000 JavaThread "Finalizer" daemon [_thread_blocked, id=11268, stack(0x0000000018160000,0x0000000018260000)]
  0x000000000240e800 JavaThread "Reference Handler" daemon [_thread_blocked, id=8784, stack(0x0000000018060000,0x0000000018160000)]
  0x000000000098e000 JavaThread "main" [_thread_in_native, id=13184, stack(0x0000000002220000,0x0000000002320000)]

Other Threads:
  0x0000000016ed7800 VMThread [stack: 0x0000000017f60000,0x0000000018060000] [id=628]
  0x000000001887a800 WatcherThread [stack: 0x0000000018d50000,0x0000000018e50000] [id=5328]

VM state:not at safepoint (normal execution)

VM Mutex/Monitor currently owned by a thread: None

Heap:
 PSYoungGen      total 37888K, used 16707K [0x00000000d6000000, 0x00000000d8a00000, 0x0000000100000000)
  eden space 32768K, 35% used [0x00000000d6000000,0x00000000d6b51af0,0x00000000d8000000)
  from space 5120K, 99% used [0x00000000d8500000,0x00000000d89ff180,0x00000000d8a00000)
  to   space 5120K, 0% used [0x00000000d8000000,0x00000000d8000000,0x00000000d8500000)
 ParOldGen       total 86016K, used 2098K [0x0000000082000000, 0x0000000087400000, 0x00000000d6000000)
  object space 86016K, 2% used [0x0000000082000000,0x000000008220c858,0x0000000087400000)
 Metaspace       used 15981K, capacity 16316K, committed 16512K, reserved 1062912K
  class space    used 2263K, capacity 2412K, committed 2432K, reserved 1048576K

Card table byte_map: [0x00000000117e0000,0x0000000011be0000] byte_map_base: 0x00000000113d0000

Marking Bits: (ParMarkBitMap*) 0x0000000051e0f600
 Begin Bits: [0x0000000012280000, 0x0000000014200000)
 End Bits:   [0x0000000014200000, 0x0000000016180000)

Polling page: 0x0000000000700000

CodeCache: size=245760Kb used=5266Kb max_used=5266Kb free=240493Kb
 bounds [0x0000000002420000, 0x0000000002950000, 0x0000000011420000]
 total_blobs=1813 nmethods=1466 adapters=259
 compilation: enabled

Compilation events (10 events):
Event: 4.219 Thread 0x0000000016f14000 nmethod 1462 0x00000000029039d0 code [0x0000000002903b00, 0x0000000002903b98]
Event: 4.220 Thread 0x0000000016f14000 1463   !   4       org.sonar.classloader.DefaultClassloaderRef::loadClassIfPresent (23 bytes)
Event: 4.231 Thread 0x0000000016f55800 1464       3       com.google.common.collect.AbstractIndexedListIterator::hasNext (17 bytes)
Event: 4.231 Thread 0x0000000016f55800 nmethod 1464 0x000000000293a8d0 code [0x000000000293aa20, 0x000000000293abd0]
Event: 4.231 Thread 0x0000000016f55800 1465       3       com.google.common.collect.AbstractIndexedListIterator::next (31 bytes)
Event: 4.231 Thread 0x0000000016f55800 nmethod 1465 0x000000000293c850 code [0x000000000293c9e0, 0x000000000293ce18]
Event: 4.231 Thread 0x0000000016f55800 1466       3       com.google.common.collect.Iterators$11::get (12 bytes)
Event: 4.231 Thread 0x0000000016f55800 nmethod 1466 0x000000000293c450 code [0x000000000293c5a0, 0x000000000293c710]
Event: 4.231 Thread 0x0000000016f55800 1467       3       com.google.common.collect.ImmutableList$Builder::add (6 bytes)
Event: 4.232 Thread 0x0000000016f55800 nmethod 1467 0x000000000293f210 code [0x000000000293f380, 0x000000000293f5e8]

GC Heap History (4 events):
Event: 2.989 GC heap before
{Heap before GC invocations=1 (full 0):
 PSYoungGen      total 37888K, used 32768K [0x00000000d6000000, 0x00000000d8a00000, 0x0000000100000000)
  eden space 32768K, 100% used [0x00000000d6000000,0x00000000d8000000,0x00000000d8000000)
  from space 5120K, 0% used [0x00000000d8500000,0x00000000d8500000,0x00000000d8a00000)
  to   space 5120K, 0% used [0x00000000d8000000,0x00000000d8000000,0x00000000d8500000)
 ParOldGen       total 86016K, used 0K [0x0000000082000000, 0x0000000087400000, 0x00000000d6000000)
  object space 86016K, 0% used [0x0000000082000000,0x0000000082000000,0x0000000087400000)
 Metaspace       used 11745K, capacity 12016K, committed 12288K, reserved 1060864K
  class space    used 1624K, capacity 1732K, committed 1792K, reserved 1048576K
Event: 3.000 GC heap after
Heap after GC invocations=1 (full 0):
 PSYoungGen      total 37888K, used 5107K [0x00000000d6000000, 0x00000000d8a00000, 0x0000000100000000)
  eden space 32768K, 0% used [0x00000000d6000000,0x00000000d6000000,0x00000000d8000000)
  from space 5120K, 99% used [0x00000000d8000000,0x00000000d84fcef0,0x00000000d8500000)
  to   space 5120K, 0% used [0x00000000d8500000,0x00000000d8500000,0x00000000d8a00000)
 ParOldGen       total 86016K, used 1685K [0x0000000082000000, 0x0000000087400000, 0x00000000d6000000)
  object space 86016K, 1% used [0x0000000082000000,0x00000000821a5538,0x0000000087400000)
 Metaspace       used 11745K, capacity 12016K, committed 12288K, reserved 1060864K
  class space    used 1624K, capacity 1732K, committed 1792K, reserved 1048576K
}
Event: 3.985 GC heap before
{Heap before GC invocations=2 (full 0):
 PSYoungGen      total 37888K, used 37875K [0x00000000d6000000, 0x00000000d8a00000, 0x0000000100000000)
  eden space 32768K, 100% used [0x00000000d6000000,0x00000000d8000000,0x00000000d8000000)
  from space 5120K, 99% used [0x00000000d8000000,0x00000000d84fcef0,0x00000000d8500000)
  to   space 5120K, 0% used [0x00000000d8500000,0x00000000d8500000,0x00000000d8a00000)
 ParOldGen       total 86016K, used 1685K [0x0000000082000000, 0x0000000087400000, 0x00000000d6000000)
  object space 86016K, 1% used [0x0000000082000000,0x00000000821a5538,0x0000000087400000)
 Metaspace       used 14474K, capacity 14812K, committed 14976K, reserved 1062912K
  class space    used 1980K, capacity 2124K, committed 2176K, reserved 1048576K
Event: 4.005 GC heap after
Heap after GC invocations=2 (full 0):
 PSYoungGen      total 37888K, used 5116K [0x00000000d6000000, 0x00000000d8a00000, 0x0000000100000000)
  eden space 32768K, 0% used [0x00000000d6000000,0x00000000d6000000,0x00000000d8000000)
  from space 5120K, 99% used [0x00000000d8500000,0x00000000d89ff180,0x00000000d8a00000)
  to   space 5120K, 0% used [0x00000000d8000000,0x00000000d8000000,0x00000000d8500000)
 ParOldGen       total 86016K, used 2098K [0x0000000082000000, 0x0000000087400000, 0x00000000d6000000)
  object space 86016K, 2% used [0x0000000082000000,0x000000008220c858,0x0000000087400000)
 Metaspace       used 14474K, capacity 14812K, committed 14976K, reserved 1062912K
  class space    used 1980K, capacity 2124K, committed 2176K, reserved 1048576K
}

Deoptimization events (10 events):
Event: 3.029 Thread 0x000000000098e000 Uncommon trap: reason=unstable_if action=reinterpret pc=0x0000000002753a04 method=java.util.regex.Pattern$Start.match(Ljava/util/regex/Matcher;ILjava/lang/CharSequence;)Z @ 34
Event: 3.201 Thread 0x000000000098e000 Uncommon trap: reason=range_check action=make_not_entrant pc=0x00000000026e3de0 method=sun.reflect.generics.parser.SignatureParser.current()C @ 34
Event: 3.255 Thread 0x000000000098e000 Uncommon trap: reason=unstable_if action=reinterpret pc=0x000000000274e78c method=java.util.concurrent.ConcurrentHashMap.get(Ljava/lang/Object;)Ljava/lang/Object; @ 76
Event: 3.265 Thread 0x000000000098e000 Uncommon trap: reason=bimorphic action=maybe_recompile pc=0x00000000027031a0 method=java.util.regex.Pattern$BmpCharProperty.match(Ljava/util/regex/Matcher;ILjava/lang/CharSequence;)Z @ 31
Event: 3.265 Thread 0x000000000098e000 Uncommon trap: reason=bimorphic action=maybe_recompile pc=0x00000000027031a0 method=java.util.regex.Pattern$BmpCharProperty.match(Ljava/util/regex/Matcher;ILjava/lang/CharSequence;)Z @ 31
Event: 3.265 Thread 0x000000000098e000 Uncommon trap: reason=bimorphic action=maybe_recompile pc=0x00000000027031a0 method=java.util.regex.Pattern$BmpCharProperty.match(Ljava/util/regex/Matcher;ILjava/lang/CharSequence;)Z @ 31
Event: 3.268 Thread 0x000000000098e000 Uncommon trap: reason=bimorphic action=maybe_recompile pc=0x00000000027031a0 method=java.util.regex.Pattern$BmpCharProperty.match(Ljava/util/regex/Matcher;ILjava/lang/CharSequence;)Z @ 31
Event: 3.445 Thread 0x000000000098e000 Uncommon trap: reason=unstable_if action=reinterpret pc=0x00000000027726fc method=java.lang.CharacterDataLatin1.isWhitespace(I)Z @ 14
Event: 3.472 Thread 0x000000000098e000 Uncommon trap: reason=bimorphic action=maybe_recompile pc=0x0000000002887ccc method=java.util.regex.Pattern$Curly.match(Ljava/util/regex/Matcher;ILjava/lang/CharSequence;)Z @ 19
Event: 3.472 Thread 0x000000000098e000 Uncommon trap: reason=unstable_if action=reinterpret pc=0x0000000002888104 method=java.util.regex.Pattern$Curly.match(Ljava/util/regex/Matcher;ILjava/lang/CharSequence;)Z @ 45

Internal exceptions (10 events):
Event: 1.437 Thread 0x000000000098e000 Exception <a 'java/security/PrivilegedActionException'> (0x00000000d6421140) thrown at [C:\re\workspace\8-2-build-windows-amd64-cygwin\jdk8u71\5731\hotspot\src\share\vm\prims\jvm.cpp, line 1386]
Event: 1.438 Thread 0x000000000098e000 Exception <a 'java/security/PrivilegedActionException'> (0x00000000d6425170) thrown at [C:\re\workspace\8-2-build-windows-amd64-cygwin\jdk8u71\5731\hotspot\src\share\vm\prims\jvm.cpp, line 1386]
Event: 1.438 Thread 0x000000000098e000 Exception <a 'java/security/PrivilegedActionException'> (0x00000000d6425380) thrown at [C:\re\workspace\8-2-build-windows-amd64-cygwin\jdk8u71\5731\hotspot\src\share\vm\prims\jvm.cpp, line 1386]
Event: 1.548 Thread 0x000000000098e000 Exception <a 'java/io/FileNotFoundException'> (0x00000000d64c2d68) thrown at [C:\re\workspace\8-2-build-windows-amd64-cygwin\jdk8u71\5731\hotspot\src\share\vm\prims\jni.cpp, line 709]
Event: 2.160 Thread 0x000000000098e000 Exception <a 'sun/nio/fs/WindowsException'> (0x00000000d6b6c7b8) thrown at [C:\re\workspace\8-2-build-windows-amd64-cygwin\jdk8u71\5731\hotspot\src\share\vm\prims\jni.cpp, line 709]
Event: 2.163 Thread 0x000000000098e000 Exception <a 'sun/nio/fs/WindowsException'> (0x00000000d6b6e1d8) thrown at [C:\re\workspace\8-2-build-windows-amd64-cygwin\jdk8u71\5731\hotspot\src\share\vm\prims\jni.cpp, line 709]
Event: 2.177 Thread 0x000000000098e000 Exception <a 'sun/nio/fs/WindowsException'> (0x00000000d6bad5e8) thrown at [C:\re\workspace\8-2-build-windows-amd64-cygwin\jdk8u71\5731\hotspot\src\share\vm\prims\jni.cpp, line 709]
Event: 2.286 Thread 0x000000000098e000 Exception <a 'sun/nio/fs/WindowsException'> (0x00000000d6bfcbd8) thrown at [C:\re\workspace\8-2-build-windows-amd64-cygwin\jdk8u71\5731\hotspot\src\share\vm\prims\jni.cpp, line 709]
Event: 3.201 Thread 0x000000000098e000 Exception <a 'java/lang/ArrayIndexOutOfBoundsException': 18> (0x00000000d6852b28) thrown at [C:\re\workspace\8-2-build-windows-amd64-cygwin\jdk8u71\5731\hotspot\src\share\vm\interpreter\interpreterRuntime.cpp, line 366]
Event: 3.202 Thread 0x000000000098e000 Exception <a 'java/lang/ArrayIndexOutOfBoundsException': 55> (0x00000000d6853c68) thrown at [C:\re\workspace\8-2-build-windows-amd64-cygwin\jdk8u71\5731\hotspot\src\share\vm\interpreter\interpreterRuntime.cpp, line 366]

Events (10 events):
Event: 4.247 loading class org/sonar/java/checks/xml/spring/SingleConnectionFactoryCheck
Event: 4.247 loading class org/sonar/java/checks/xml/spring/SingleConnectionFactoryCheck done
Event: 4.248 loading class org/sonar/java/checks/xml/web/SecurityConstraintsInWebXmlCheck
Event: 4.248 loading class org/sonar/java/checks/xml/web/SecurityConstraintsInWebXmlCheck done
Event: 4.250 loading class org/sonar/java/checks/xml/web/WebXmlCheckTemplate
Event: 4.250 loading class org/sonar/java/checks/xml/web/WebXmlCheckTemplate done
Event: 4.251 loading class org/sonar/java/checks/xml/web/ValidationFiltersCheck
Event: 4.251 loading class org/sonar/java/checks/xml/web/ValidationFiltersCheck done
Event: 4.251 loading class org/sonar/java/checks/xml/struts/ActionNumberCheck
Event: 4.251 loading class org/sonar/java/checks/xml/struts/ActionNumberCheck done


Dynamic libraries:
0x00007ff7cec30000 - 0x00007ff7cec67000 	C:\Program Files\Java\jdk1.8.0_71\bin\java.exe
0x00007ff8c72b0000 - 0x00007ff8c7481000 	C:\Windows\SYSTEM32\ntdll.dll
0x00007ff8c4d90000 - 0x00007ff8c4e3b000 	C:\Windows\System32\KERNEL32.DLL
0x00007ff8c3ed0000 - 0x00007ff8c40ed000 	C:\Windows\System32\KERNELBASE.dll
0x00007ff8c4e40000 - 0x00007ff8c4ee2000 	C:\Windows\System32\ADVAPI32.dll
0x00007ff8c48a0000 - 0x00007ff8c493e000 	C:\Windows\System32\msvcrt.dll
0x00007ff8c6710000 - 0x00007ff8c6769000 	C:\Windows\System32\sechost.dll
0x00007ff8c65e0000 - 0x00007ff8c6701000 	C:\Windows\System32\RPCRT4.dll
0x00007ff8c6940000 - 0x00007ff8c6aa5000 	C:\Windows\System32\USER32.dll
0x00007ff8c40f0000 - 0x00007ff8c410e000 	C:\Windows\System32\win32u.dll
0x00007ff8c6e40000 - 0x00007ff8c6e74000 	C:\Windows\System32\GDI32.dll
0x00007ff8c3840000 - 0x00007ff8c39c2000 	C:\Windows\System32\gdi32full.dll
0x00007ff8b73e0000 - 0x00007ff8b7659000 	C:\Windows\WinSxS\amd64_microsoft.windows.common-controls_6595b64144ccf1df_6.0.14393.0_none_2d0f50fcbdb171b8\COMCTL32.dll
0x00007ff8c6b60000 - 0x00007ff8c6e27000 	C:\Windows\System32\combase.dll
0x00007ff8c3c00000 - 0x00007ff8c3cf5000 	C:\Windows\System32\ucrtbase.dll
0x00007ff8c3b90000 - 0x00007ff8c3bfa000 	C:\Windows\System32\bcryptPrimitives.dll
0x00007ff8c50a0000 - 0x00007ff8c50ce000 	C:\Windows\System32\IMM32.DLL
0x0000000052d40000 - 0x0000000052e12000 	C:\Program Files\Java\jdk1.8.0_71\jre\bin\msvcr100.dll
0x0000000051600000 - 0x0000000051e8f000 	C:\Program Files\Java\jdk1.8.0_71\jre\bin\server\jvm.dll
0x00007ff8c4ef0000 - 0x00007ff8c4ef8000 	C:\Windows\System32\PSAPI.DLL
0x00007ff8aa9e0000 - 0x00007ff8aa9e9000 	C:\Windows\SYSTEM32\WSOCK32.dll
0x00007ff8c4c60000 - 0x00007ff8c4cca000 	C:\Windows\System32\WS2_32.dll
0x00007ff8c19a0000 - 0x00007ff8c19c3000 	C:\Windows\SYSTEM32\WINMM.dll
0x00007ff8be170000 - 0x00007ff8be17a000 	C:\Windows\SYSTEM32\VERSION.dll
0x00007ff8c17f0000 - 0x00007ff8c181b000 	C:\Windows\SYSTEM32\WINMMBASE.dll
0x00007ff8c47f0000 - 0x00007ff8c4832000 	C:\Windows\System32\cfgmgr32.dll
0x00000000538c0000 - 0x00000000538cf000 	C:\Program Files\Java\jdk1.8.0_71\jre\bin\verify.dll
0x0000000052d10000 - 0x0000000052d39000 	C:\Program Files\Java\jdk1.8.0_71\jre\bin\java.dll
0x0000000052cf0000 - 0x0000000052d06000 	C:\Program Files\Java\jdk1.8.0_71\jre\bin\zip.dll
0x00007ff8c50d0000 - 0x00007ff8c65d8000 	C:\Windows\System32\SHELL32.dll
0x00007ff8c4110000 - 0x00007ff8c47ea000 	C:\Windows\System32\windows.storage.dll
0x00007ff8c37f0000 - 0x00007ff8c383c000 	C:\Windows\System32\powrprof.dll
0x00007ff8c4ba0000 - 0x00007ff8c4bf2000 	C:\Windows\System32\shlwapi.dll
0x00007ff8c37e0000 - 0x00007ff8c37ef000 	C:\Windows\System32\kernel.appcore.dll
0x00007ff8c3a80000 - 0x00007ff8c3b29000 	C:\Windows\System32\shcore.dll
0x00007ff8c37c0000 - 0x00007ff8c37d4000 	C:\Windows\System32\profapi.dll
0x0000000052cd0000 - 0x0000000052cea000 	C:\Program Files\Java\jdk1.8.0_71\jre\bin\net.dll
0x00007ff8c3080000 - 0x00007ff8c30dc000 	C:\Windows\system32\mswsock.dll
0x0000000052cb0000 - 0x0000000052cc1000 	C:\Program Files\Java\jdk1.8.0_71\jre\bin\nio.dll
0x00007ff8c3220000 - 0x00007ff8c3237000 	C:\Windows\SYSTEM32\CRYPTSP.dll
0x00007ff8c2c90000 - 0x00007ff8c2cc3000 	C:\Windows\system32\rsaenh.dll
0x00007ff8c3700000 - 0x00007ff8c372b000 	C:\Windows\SYSTEM32\bcrypt.dll
0x00007ff8c2f00000 - 0x00007ff8c2f1f000 	C:\Windows\SYSTEM32\USERENV.dll
0x00007ff8c3240000 - 0x00007ff8c324b000 	C:\Windows\SYSTEM32\CRYPTBASE.dll
0x00007ff8c2e10000 - 0x00007ff8c2e48000 	C:\Windows\SYSTEM32\IPHLPAPI.DLL
0x00007ff8c6e30000 - 0x00007ff8c6e38000 	C:\Windows\System32\NSI.dll
0x00007ff8bd910000 - 0x00007ff8bd926000 	C:\Windows\SYSTEM32\dhcpcsvc6.DLL
0x00007ff8bd8e0000 - 0x00007ff8bd8fa000 	C:\Windows\SYSTEM32\dhcpcsvc.DLL

VM Arguments:
jvm_args: -Djava.awt.headless=true -Dsonarlint.home=C:\Users\Dhrumin\.vscode\extensions\silverbulleters.sonarqube-inject-2.1.0\tools\sonarlint-cli\bin\.. -Dproject.home=c:\Users\Dhrumin\git\kurate-angular -Dorg.freemarker.loggerLibrary=none 
java_command: org.sonarlint.cli.Main --reportType console --src src/app/admin/settings/settings.component.ts --charset UTF-8
java_class_path (initial): C:\Users\Dhrumin\.vscode\extensions\silverbulleters.sonarqube-inject-2.1.0\tools\sonarlint-cli\bin\..\lib\sonarlint-cli-2.1-SNAPSHOT.jar
Launcher Type: SUN_STANDARD

Environment Variables:
JAVA_HOME=C:\Program Files\Java\jdk1.8.0_71
PATH=C:\Python27\;C:\Python27\Scripts;C:\ProgramData\Oracle\Java\javapath;C:\Windows\system32;C:\Windows;C:\Windows\System32\Wbem;C:\Windows\System32\WindowsPowerShell\v1.0\;C:\Program Files\MongoDB\Server\3.4\bin;C:\Program Files\Git\cmd;C:\Program Files (x86)\Microsoft SQL Server\Client SDK\ODBC\130\Tools\Binn\;C:\Program Files (x86)\Microsoft SQL Server\140\Tools\Binn\;C:\Program Files (x86)\Microsoft SQL Server\140\DTS\Binn\;C:\Program Files (x86)\Microsoft SQL Server\140\Tools\Binn\ManagementStudio\;C:\Program Files\Microsoft SQL Server\Client SDK\ODBC\130\Tools\Binn\;C:\Program Files\Microsoft SQL Server\140\Tools\Binn\;C:\Program Files\Microsoft SQL Server\140\DTS\Binn\;C:\Program Files\Microsoft VS Code\bin;C:\Program Files\Java\jdk1.8.0_71\bin;C:\Users\Dhrumin\Desktop\apache-tomcat-9.0.22\bin;C:\ProgramData\chocolatey\bin;C:\Program Files\nodejs\;C:\Program Files\PuTTY\;C:\Users\Dhrumin\AppData\Local\Microsoft\WindowsApps;C:\Users\Dhrumin\AppData\Roaming\npm
USERNAME=Dhrumin
OS=Windows_NT
PROCESSOR_IDENTIFIER=Intel64 Family 6 Model 60 Stepping 3, GenuineIntel



---------------  S Y S T E M  ---------------

OS: Windows 10.0 , 64 bit Build 14393 (10.0.14393.0)

CPU:total 4 (2 cores per cpu, 2 threads per core) family 6 model 60 stepping 3, cmov, cx8, fxsr, mmx, sse, sse2, sse3, ssse3, sse4.1, sse4.2, popcnt, avx, avx2, aes, clmul, erms, lzcnt, ht, tsc, tscinvbit, bmi1, bmi2

Memory: 4k page, physical 8253496k(249036k free), swap 22841780k(5352k free)

vm_info: Java HotSpot(TM) 64-Bit Server VM (25.71-b15) for windows-amd64 JRE (1.8.0_71-b15), built on Dec 22 2015 18:15:55 by "java_re" with MS VC++ 10.0 (VS2010)

time: Tue Mar 24 10:54:40 2020
elapsed time: 4 seconds (0d 0h 0m 4s)

