#
# There is insufficient memory for the Java Runtime Environment to continue.
# Native memory allocation (malloc) failed to allocate 862976 bytes for Chunk::new
# Possible reasons:
#   The system is out of physical RAM or swap space
#   In 32 bit mode, the process size limit was hit
# Possible solutions:
#   Reduce memory load on the system
#   Increase physical memory or swap space
#   Check if swap backing store is full
#   Use 64 bit Java on a 64 bit OS
#   Decrease Java heap size (-Xmx/-Xms)
#   Decrease number of Java threads
#   Decrease Java thread stack sizes (-Xss)
#   Set larger code cache with -XX:ReservedCodeCacheSize=
# This output file may be truncated or incomplete.
#
#  Out of Memory Error (allocation.cpp:390), pid=11748, tid=11256
#
# JRE version: Java(TM) SE Runtime Environment (8.0_71-b15) (build 1.8.0_71-b15)
# Java VM: Java HotSpot(TM) 64-Bit Server VM (25.71-b15 mixed mode windows-amd64 compressed oops)
# Failed to write core dump. Minidumps are not enabled by default on client versions of Windows
#

---------------  T H R E A D  ---------------

Current thread (0x000000001720d800):  JavaThread "C2 CompilerThread0" daemon [_thread_in_native, id=11256, stack(0x0000000018860000,0x0000000018960000)]

Stack: [0x0000000018860000,0x0000000018960000]
[error occurred during error reporting (printing stack bounds), id 0xc0000005]

Native frames: (J=compiled Java code, j=interpreted, Vv=VM code, C=native code)


Current CompileTask:
C2:   2457 1102       4       java.util.regex.Pattern$Curly::match (86 bytes)


---------------  P R O C E S S  ---------------

Java Threads: ( => current thread )
  0x0000000018a72800 JavaThread "Service Thread" daemon [_thread_blocked, id=9664, stack(0x0000000018f60000,0x0000000019060000)]
  0x0000000018a62800 JavaThread "C1 CompilerThread2" daemon [_thread_blocked, id=8812, stack(0x0000000018e60000,0x0000000018f60000)]
  0x0000000017211000 JavaThread "C2 CompilerThread1" daemon [_thread_in_native, id=13820, stack(0x0000000018960000,0x0000000018a60000)]
=>0x000000001720d800 JavaThread "C2 CompilerThread0" daemon [_thread_in_native, id=11256, stack(0x0000000018860000,0x0000000018960000)]
  0x000000001720b800 JavaThread "Attach Listener" daemon [_thread_blocked, id=7992, stack(0x0000000018760000,0x0000000018860000)]
  0x000000001720a800 JavaThread "Signal Dispatcher" daemon [_thread_blocked, id=14100, stack(0x0000000018660000,0x0000000018760000)]
  0x0000000002711000 JavaThread "Finalizer" daemon [_thread_blocked, id=14660, stack(0x0000000018470000,0x0000000018570000)]
  0x000000000270e000 JavaThread "Reference Handler" daemon [_thread_blocked, id=884, stack(0x0000000018370000,0x0000000018470000)]
  0x000000000261e000 JavaThread "main" [_thread_in_native, id=9132, stack(0x0000000002420000,0x0000000002520000)]

Other Threads:
  0x00000000171d8000 VMThread [stack: 0x0000000018270000,0x0000000018370000] [id=12440]
  0x0000000018a68000 WatcherThread [stack: 0x0000000019060000,0x0000000019160000] [id=14672]

VM state:not at safepoint (normal execution)

VM Mutex/Monitor currently owned by a thread: None

Heap:
 PSYoungGen      total 37888K, used 14436K [0x00000000d6000000, 0x00000000d8a00000, 0x0000000100000000)
  eden space 32768K, 28% used [0x00000000d6000000,0x00000000d691c820,0x00000000d8000000)
  from space 5120K, 99% used [0x00000000d8000000,0x00000000d84fc828,0x00000000d8500000)
  to   space 5120K, 0% used [0x00000000d8500000,0x00000000d8500000,0x00000000d8a00000)
 ParOldGen       total 86016K, used 1639K [0x0000000082000000, 0x0000000087400000, 0x00000000d6000000)
  object space 86016K, 1% used [0x0000000082000000,0x0000000082199c30,0x0000000087400000)
 Metaspace       used 12631K, capacity 12956K, committed 13184K, reserved 1060864K
  class space    used 1718K, capacity 1830K, committed 1920K, reserved 1048576K

Card table byte_map: [0x0000000011ae0000,0x0000000011ee0000] byte_map_base: 0x00000000116d0000

Marking Bits: (ParMarkBitMap*) 0x0000000051e0f600
 Begin Bits: [0x0000000012580000, 0x0000000014500000)
 End Bits:   [0x0000000014500000, 0x0000000016480000)

Polling page: 0x0000000002400000

CodeCache: size=245760Kb used=3737Kb max_used=3749Kb free=242022Kb
 bounds [0x0000000002720000, 0x0000000002ad0000, 0x0000000011720000]
 total_blobs=1446 nmethods=1101 adapters=258
 compilation: enabled

Compilation events (10 events):
Event: 2.397 Thread 0x0000000018a62800 1100       3       java.util.HashMap$ValueIterator::<init> (11 bytes)
Event: 2.398 Thread 0x0000000018a62800 nmethod 1100 0x0000000002ab4c10 code [0x0000000002ab4d80, 0x0000000002ab4f28]
Event: 2.398 Thread 0x0000000018a62800 1101       1       sun.misc.URLClassPath$JarLoader$2::getURL (5 bytes)
Event: 2.398 Thread 0x000000001720d800 nmethod 1087 0x0000000002ac9b90 code [0x0000000002ac9d40, 0x0000000002aca6c0]
Event: 2.398 Thread 0x000000001720d800 1091       4       java.lang.AbstractStringBuilder::append (144 bytes)
Event: 2.398 Thread 0x0000000018a62800 nmethod 1101 0x0000000002ac8d10 code [0x0000000002ac8e60, 0x0000000002ac8f70]
Event: 2.414 Thread 0x0000000018a62800 1103   !   2       sun.reflect.generics.parser.SignatureParser::current (40 bytes)
Event: 2.414 Thread 0x000000001720d800 nmethod 1091 0x0000000002ac6a50 code [0x0000000002ac6bc0, 0x0000000002ac7318]
Event: 2.414 Thread 0x000000001720d800 1102       4       java.util.regex.Pattern$Curly::match (86 bytes)
Event: 2.414 Thread 0x0000000018a62800 nmethod 1103 0x0000000002ac6610 code [0x0000000002ac6760, 0x0000000002ac6910]

GC Heap History (2 events):
Event: 2.119 GC heap before
{Heap before GC invocations=1 (full 0):
 PSYoungGen      total 37888K, used 32768K [0x00000000d6000000, 0x00000000d8a00000, 0x0000000100000000)
  eden space 32768K, 100% used [0x00000000d6000000,0x00000000d8000000,0x00000000d8000000)
  from space 5120K, 0% used [0x00000000d8500000,0x00000000d8500000,0x00000000d8a00000)
  to   space 5120K, 0% used [0x00000000d8000000,0x00000000d8000000,0x00000000d8500000)
 ParOldGen       total 86016K, used 0K [0x0000000082000000, 0x0000000087400000, 0x00000000d6000000)
  object space 86016K, 0% used [0x0000000082000000,0x0000000082000000,0x0000000087400000)
 Metaspace       used 11712K, capacity 12080K, committed 12288K, reserved 1060864K
  class space    used 1621K, capacity 1732K, committed 1792K, reserved 1048576K
Event: 2.137 GC heap after
Heap after GC invocations=1 (full 0):
 PSYoungGen      total 37888K, used 5106K [0x00000000d6000000, 0x00000000d8a00000, 0x0000000100000000)
  eden space 32768K, 0% used [0x00000000d6000000,0x00000000d6000000,0x00000000d8000000)
  from space 5120K, 99% used [0x00000000d8000000,0x00000000d84fc828,0x00000000d8500000)
  to   space 5120K, 0% used [0x00000000d8500000,0x00000000d8500000,0x00000000d8a00000)
 ParOldGen       total 86016K, used 1639K [0x0000000082000000, 0x0000000087400000, 0x00000000d6000000)
  object space 86016K, 1% used [0x0000000082000000,0x0000000082199c30,0x0000000087400000)
 Metaspace       used 11712K, capacity 12080K, committed 12288K, reserved 1060864K
  class space    used 1621K, capacity 1732K, committed 1792K, reserved 1048576K
}

Deoptimization events (9 events):
Event: 0.712 Thread 0x000000000261e000 Uncommon trap: reason=unstable_if action=reinterpret pc=0x00000000028c9d04 method=java.lang.String.indexOf([CII[CIII)I @ 3
Event: 0.974 Thread 0x000000000261e000 Uncommon trap: reason=class_check action=maybe_recompile pc=0x00000000028928dc method=java.lang.String.equals(Ljava/lang/Object;)Z @ 8
Event: 0.974 Thread 0x000000000261e000 Uncommon trap: reason=class_check action=maybe_recompile pc=0x00000000028928dc method=java.lang.String.equals(Ljava/lang/Object;)Z @ 8
Event: 0.984 Thread 0x000000000261e000 Uncommon trap: reason=class_check action=maybe_recompile pc=0x00000000028928dc method=java.lang.String.equals(Ljava/lang/Object;)Z @ 8
Event: 0.984 Thread 0x000000000261e000 Uncommon trap: reason=class_check action=maybe_recompile pc=0x00000000028928dc method=java.lang.String.equals(Ljava/lang/Object;)Z @ 8
Event: 1.610 Thread 0x000000000261e000 Uncommon trap: reason=unstable_if action=reinterpret pc=0x00000000029b3280 method=java.util.HashMap.getNode(ILjava/lang/Object;)Ljava/util/HashMap$Node; @ 129
Event: 1.610 Thread 0x000000000261e000 Uncommon trap: reason=unstable_if action=reinterpret pc=0x000000000298f2bc method=java.util.HashMap.getNode(ILjava/lang/Object;)Ljava/util/HashMap$Node; @ 129
Event: 2.181 Thread 0x000000000261e000 Uncommon trap: reason=unstable_if action=reinterpret pc=0x0000000002a4b304 method=java.util.regex.Pattern$Start.match(Ljava/util/regex/Matcher;ILjava/lang/CharSequence;)Z @ 34
Event: 2.413 Thread 0x000000000261e000 Uncommon trap: reason=range_check action=make_not_entrant pc=0x00000000029dc7e0 method=sun.reflect.generics.parser.SignatureParser.current()C @ 34

Internal exceptions (10 events):
Event: 0.464 Thread 0x000000000261e000 Exception <a 'java/security/PrivilegedActionException'> (0x00000000d6423f70) thrown at [C:\re\workspace\8-2-build-windows-amd64-cygwin\jdk8u71\5731\hotspot\src\share\vm\prims\jvm.cpp, line 1386]
Event: 0.464 Thread 0x000000000261e000 Exception <a 'java/security/PrivilegedActionException'> (0x00000000d6424180) thrown at [C:\re\workspace\8-2-build-windows-amd64-cygwin\jdk8u71\5731\hotspot\src\share\vm\prims\jvm.cpp, line 1386]
Event: 0.528 Thread 0x000000000261e000 Exception <a 'java/io/FileNotFoundException'> (0x00000000d64c1d60) thrown at [C:\re\workspace\8-2-build-windows-amd64-cygwin\jdk8u71\5731\hotspot\src\share\vm\prims\jni.cpp, line 709]
Event: 0.982 Thread 0x000000000261e000 Exception <a 'sun/nio/fs/WindowsException'> (0x00000000d6b74ec0) thrown at [C:\re\workspace\8-2-build-windows-amd64-cygwin\jdk8u71\5731\hotspot\src\share\vm\prims\jni.cpp, line 709]
Event: 0.983 Thread 0x000000000261e000 Exception <a 'sun/nio/fs/WindowsException'> (0x00000000d6b768e0) thrown at [C:\re\workspace\8-2-build-windows-amd64-cygwin\jdk8u71\5731\hotspot\src\share\vm\prims\jni.cpp, line 709]
Event: 1.013 Thread 0x000000000261e000 Exception <a 'sun/nio/fs/WindowsException'> (0x00000000d6bb7ce8) thrown at [C:\re\workspace\8-2-build-windows-amd64-cygwin\jdk8u71\5731\hotspot\src\share\vm\prims\jni.cpp, line 709]
Event: 1.102 Thread 0x000000000261e000 Exception <a 'sun/nio/fs/WindowsException'> (0x00000000d6c09b40) thrown at [C:\re\workspace\8-2-build-windows-amd64-cygwin\jdk8u71\5731\hotspot\src\share\vm\prims\jni.cpp, line 709]
Event: 2.413 Thread 0x000000000261e000 Exception <a 'java/lang/ArrayIndexOutOfBoundsException': 18> (0x00000000d685d488) thrown at [C:\re\workspace\8-2-build-windows-amd64-cygwin\jdk8u71\5731\hotspot\src\share\vm\interpreter\interpreterRuntime.cpp, line 366]
Event: 2.414 Thread 0x000000000261e000 Exception <a 'java/lang/ArrayIndexOutOfBoundsException': 55> (0x00000000d685e5c8) thrown at [C:\re\workspace\8-2-build-windows-amd64-cygwin\jdk8u71\5731\hotspot\src\share\vm\interpreter\interpreterRuntime.cpp, line 366]
Event: 2.415 Thread 0x000000000261e000 Exception <a 'java/lang/ArrayIndexOutOfBoundsException'> (0x00000000d685f510) thrown at [C:\re\workspace\8-2-build-windows-amd64-cygwin\jdk8u71\5731\hotspot\src\share\vm\runtime\sharedRuntime.cpp, line 605]

Events (10 events):
Event: 2.423 loading class com/google/gson/LongSerializationPolicy
Event: 2.423 loading class com/google/gson/LongSerializationPolicy done
Event: 2.423 loading class com/google/gson/LongSerializationPolicy$1
Event: 2.423 loading class com/google/gson/LongSerializationPolicy$1 done
Event: 2.423 loading class com/google/gson/LongSerializationPolicy$2
Event: 2.423 loading class com/google/gson/LongSerializationPolicy$2 done
Event: 2.424 loading class com/google/gson/JsonPrimitive
Event: 2.424 loading class com/google/gson/JsonPrimitive done
Event: 2.424 loading class com/google/gson/internal/ConstructorConstructor
Event: 2.424 loading class com/google/gson/internal/ConstructorConstructor done


Dynamic libraries:
0x00007ff63a250000 - 0x00007ff63a287000 	C:\Program Files\Java\jdk1.8.0_71\bin\java.exe
0x00007ff8c72b0000 - 0x00007ff8c7481000 	C:\Windows\SYSTEM32\ntdll.dll
0x00007ff8c4d90000 - 0x00007ff8c4e3b000 	C:\Windows\System32\KERNEL32.DLL
0x00007ff8c3ed0000 - 0x00007ff8c40ed000 	C:\Windows\System32\KERNELBASE.dll
0x00007ff8c4e40000 - 0x00007ff8c4ee2000 	C:\Windows\System32\ADVAPI32.dll
0x00007ff8c48a0000 - 0x00007ff8c493e000 	C:\Windows\System32\msvcrt.dll
0x00007ff8c6710000 - 0x00007ff8c6769000 	C:\Windows\System32\sechost.dll
0x00007ff8c65e0000 - 0x00007ff8c6701000 	C:\Windows\System32\RPCRT4.dll
0x00007ff8c6940000 - 0x00007ff8c6aa5000 	C:\Windows\System32\USER32.dll
0x00007ff8c40f0000 - 0x00007ff8c410e000 	C:\Windows\System32\win32u.dll
0x00007ff8c6e40000 - 0x00007ff8c6e74000 	C:\Windows\System32\GDI32.dll
0x00007ff8c3840000 - 0x00007ff8c39c2000 	C:\Windows\System32\gdi32full.dll
0x00007ff8b73e0000 - 0x00007ff8b7659000 	C:\Windows\WinSxS\amd64_microsoft.windows.common-controls_6595b64144ccf1df_6.0.14393.0_none_2d0f50fcbdb171b8\COMCTL32.dll
0x00007ff8c6b60000 - 0x00007ff8c6e27000 	C:\Windows\System32\combase.dll
0x00007ff8c3c00000 - 0x00007ff8c3cf5000 	C:\Windows\System32\ucrtbase.dll
0x00007ff8c3b90000 - 0x00007ff8c3bfa000 	C:\Windows\System32\bcryptPrimitives.dll
0x00007ff8c50a0000 - 0x00007ff8c50ce000 	C:\Windows\System32\IMM32.DLL
0x00000000521c0000 - 0x0000000052292000 	C:\Program Files\Java\jdk1.8.0_71\jre\bin\msvcr100.dll
0x0000000051600000 - 0x0000000051e8f000 	C:\Program Files\Java\jdk1.8.0_71\jre\bin\server\jvm.dll
0x00007ff8c4ef0000 - 0x00007ff8c4ef8000 	C:\Windows\System32\PSAPI.DLL
0x00007ff8a7330000 - 0x00007ff8a7339000 	C:\Windows\SYSTEM32\WSOCK32.dll
0x00007ff8c19a0000 - 0x00007ff8c19c3000 	C:\Windows\SYSTEM32\WINMM.dll
0x00007ff8c4c60000 - 0x00007ff8c4cca000 	C:\Windows\System32\WS2_32.dll
0x00007ff8be170000 - 0x00007ff8be17a000 	C:\Windows\SYSTEM32\VERSION.dll
0x00007ff8c17f0000 - 0x00007ff8c181b000 	C:\Windows\SYSTEM32\WINMMBASE.dll
0x00007ff8c47f0000 - 0x00007ff8c4832000 	C:\Windows\System32\cfgmgr32.dll
0x00000000521b0000 - 0x00000000521bf000 	C:\Program Files\Java\jdk1.8.0_71\jre\bin\verify.dll
0x0000000052180000 - 0x00000000521a9000 	C:\Program Files\Java\jdk1.8.0_71\jre\bin\java.dll
0x0000000052160000 - 0x0000000052176000 	C:\Program Files\Java\jdk1.8.0_71\jre\bin\zip.dll
0x00007ff8c50d0000 - 0x00007ff8c65d8000 	C:\Windows\System32\SHELL32.dll
0x00007ff8c4110000 - 0x00007ff8c47ea000 	C:\Windows\System32\windows.storage.dll
0x00007ff8c37f0000 - 0x00007ff8c383c000 	C:\Windows\System32\powrprof.dll
0x00007ff8c4ba0000 - 0x00007ff8c4bf2000 	C:\Windows\System32\shlwapi.dll
0x00007ff8c37e0000 - 0x00007ff8c37ef000 	C:\Windows\System32\kernel.appcore.dll
0x00007ff8c3a80000 - 0x00007ff8c3b29000 	C:\Windows\System32\shcore.dll
0x00007ff8c37c0000 - 0x00007ff8c37d4000 	C:\Windows\System32\profapi.dll
0x0000000052140000 - 0x000000005215a000 	C:\Program Files\Java\jdk1.8.0_71\jre\bin\net.dll
0x00007ff8c3080000 - 0x00007ff8c30dc000 	C:\Windows\system32\mswsock.dll
0x0000000052120000 - 0x0000000052131000 	C:\Program Files\Java\jdk1.8.0_71\jre\bin\nio.dll
0x00007ff8c3220000 - 0x00007ff8c3237000 	C:\Windows\SYSTEM32\CRYPTSP.dll
0x00007ff8c2c90000 - 0x00007ff8c2cc3000 	C:\Windows\system32\rsaenh.dll
0x00007ff8c3700000 - 0x00007ff8c372b000 	C:\Windows\SYSTEM32\bcrypt.dll
0x00007ff8c2f00000 - 0x00007ff8c2f1f000 	C:\Windows\SYSTEM32\USERENV.dll
0x00007ff8c3240000 - 0x00007ff8c324b000 	C:\Windows\SYSTEM32\CRYPTBASE.dll
0x00007ff8c2e10000 - 0x00007ff8c2e48000 	C:\Windows\SYSTEM32\IPHLPAPI.DLL
0x00007ff8c6e30000 - 0x00007ff8c6e38000 	C:\Windows\System32\NSI.dll
0x00007ff8bd910000 - 0x00007ff8bd926000 	C:\Windows\SYSTEM32\dhcpcsvc6.DLL
0x00007ff8bd8e0000 - 0x00007ff8bd8fa000 	C:\Windows\SYSTEM32\dhcpcsvc.DLL

VM Arguments:
jvm_args: -Djava.awt.headless=true -Dsonarlint.home=C:\Users\Dhrumin\.vscode\extensions\silverbulleters.sonarqube-inject-2.1.0\tools\sonarlint-cli\bin\.. -Dproject.home=c:\Users\Dhrumin\git\kurate-angular -Dorg.freemarker.loggerLibrary=none 
java_command: org.sonarlint.cli.Main --reportType console --src tsconfig.json --charset UTF-8
java_class_path (initial): C:\Users\Dhrumin\.vscode\extensions\silverbulleters.sonarqube-inject-2.1.0\tools\sonarlint-cli\bin\..\lib\sonarlint-cli-2.1-SNAPSHOT.jar
Launcher Type: SUN_STANDARD

Environment Variables:
JAVA_HOME=C:\Program Files\Java\jdk1.8.0_71
PATH=C:\Python27\;C:\Python27\Scripts;C:\ProgramData\Oracle\Java\javapath;C:\Windows\system32;C:\Windows;C:\Windows\System32\Wbem;C:\Windows\System32\WindowsPowerShell\v1.0\;C:\Program Files\MongoDB\Server\3.4\bin;C:\Program Files\Git\cmd;C:\Program Files (x86)\Microsoft SQL Server\Client SDK\ODBC\130\Tools\Binn\;C:\Program Files (x86)\Microsoft SQL Server\140\Tools\Binn\;C:\Program Files (x86)\Microsoft SQL Server\140\DTS\Binn\;C:\Program Files (x86)\Microsoft SQL Server\140\Tools\Binn\ManagementStudio\;C:\Program Files\Microsoft SQL Server\Client SDK\ODBC\130\Tools\Binn\;C:\Program Files\Microsoft SQL Server\140\Tools\Binn\;C:\Program Files\Microsoft SQL Server\140\DTS\Binn\;C:\Program Files\Microsoft VS Code\bin;C:\Program Files\Java\jdk1.8.0_71\bin;C:\Users\Dhrumin\Desktop\apache-tomcat-9.0.22\bin;C:\ProgramData\chocolatey\bin;C:\Program Files\nodejs\;C:\Program Files\PuTTY\;C:\Users\Dhrumin\AppData\Local\Microsoft\WindowsApps;C:\Users\Dhrumin\AppData\Roaming\npm
USERNAME=Dhrumin
OS=Windows_NT
PROCESSOR_IDENTIFIER=Intel64 Family 6 Model 60 Stepping 3, GenuineIntel



---------------  S Y S T E M  ---------------

OS: Windows 10.0 , 64 bit Build 14393 (10.0.14393.0)

CPU:total 4 (2 cores per cpu, 2 threads per core) family 6 model 60 stepping 3, cmov, cx8, fxsr, mmx, sse, sse2, sse3, ssse3, sse4.1, sse4.2, popcnt, avx, avx2, aes, clmul, erms, lzcnt, ht, tsc, tscinvbit, bmi1, bmi2

Memory: 4k page, physical 8253496k(1112672k free), swap 22841780k(5604k free)

vm_info: Java HotSpot(TM) 64-Bit Server VM (25.71-b15) for windows-amd64 JRE (1.8.0_71-b15), built on Dec 22 2015 18:15:55 by "java_re" with MS VC++ 10.0 (VS2010)

time: Tue Mar 17 16:28:07 2020
elapsed time: 2 seconds (0d 0h 0m 2s)

